#
# There is insufficient memory for the Java Runtime Environment to continue.
# Native memory allocation (malloc) failed to allocate 32744 bytes for ChunkPool::allocate
# Possible reasons:
#   The system is out of physical RAM or swap space
#   The process is running with CompressedOops enabled, and the Java Heap may be blocking the growth of the native heap
# Possible solutions:
#   Reduce memory load on the system
#   Increase physical memory or swap space
#   Check if swap backing store is full
#   Decrease Java heap size (-Xmx/-Xms)
#   Decrease number of Java threads
#   Decrease Java thread stack sizes (-Xss)
#   Set larger code cache with -XX:ReservedCodeCacheSize=
#   JVM is running with Zero Based Compressed Oops mode in which the Java heap is
#     placed in the first 32GB address space. The Java Heap base address is the
#     maximum limit for the native heap growth. Please use -XX:HeapBaseMinAddress
#     to set the Java Heap base and to place the Java Heap above 32GB virtual address.
# This output file may be truncated or incomplete.
#
#  Out of Memory Error (arena.cpp:78), pid=5052, tid=16044
#
# JRE version: OpenJDK Runtime Environment Temurin-17.0.7+7 (17.0.7+7) (build 17.0.7+7)
# Java VM: OpenJDK 64-Bit Server VM Temurin-17.0.7+7 (17.0.7+7, mixed mode, tiered, compressed oops, compressed class ptrs, g1 gc, windows-amd64)
# No core dump will be written. Minidumps are not enabled by default on client versions of Windows
#

---------------  S U M M A R Y ------------

Command Line: -Dcatalina.base=D:\gb_KSB_0630\jsp\workspace\.metadata\.plugins\org.eclipse.wst.server.core\tmp8 -Dcatalina.home=D:\gb_KSB_0630\util\apache-tomcat-9.0.79 -Dwtp.deploy=D:\gb_KSB_0630\jsp\workspace\.metadata\.plugins\org.eclipse.wst.server.core\tmp8\wtpwebapps --add-opens=java.base/java.lang=ALL-UNNAMED --add-opens=java.base/java.io=ALL-UNNAMED --add-opens=java.base/java.util=ALL-UNNAMED --add-opens=java.base/java.util.concurrent=ALL-UNNAMED --add-opens=java.rmi/sun.rmi.transport=ALL-UNNAMED -Dfile.encoding=UTF-8 -XX:+ShowCodeDetailsInExceptionMessages org.apache.catalina.startup.Bootstrap start

Host: 12th Gen Intel(R) Core(TM) i7-12700, 20 cores, 15G,  Windows 11 , 64 bit Build 22621 (10.0.22621.2070)
Time: Fri Aug 25 16:44:59 2023  Windows 11 , 64 bit Build 22621 (10.0.22621.2070) elapsed time: 1100.567758 seconds (0d 0h 18m 20s)

---------------  T H R E A D  ---------------

Current thread (0x00000212b97f3cb0):  JavaThread "C2 CompilerThread0" daemon [_thread_in_native, id=16044, stack(0x0000007396000000,0x0000007396100000)]


Current CompileTask:
C2:1100567 3426 %     4       java.util.zip.ZipFile$Source::initCEN @ 240 (591 bytes)

Stack: [0x0000007396000000,0x0000007396100000]
Native frames: (J=compiled Java code, j=interpreted, Vv=VM code, C=native code)
V  [jvm.dll+0x67754a]
V  [jvm.dll+0x834304]
V  [jvm.dll+0x835aae]
V  [jvm.dll+0x836113]
V  [jvm.dll+0x24696f]
V  [jvm.dll+0xac2cc]
V  [jvm.dll+0xac67c]
V  [jvm.dll+0xac1bb]
V  [jvm.dll+0x655dd9]
V  [jvm.dll+0x7a47c]
V  [jvm.dll+0x68ccb1]
V  [jvm.dll+0x68794b]
V  [jvm.dll+0x686f87]
V  [jvm.dll+0x684e82]
V  [jvm.dll+0x1a7fdc]
V  [jvm.dll+0x218628]
V  [jvm.dll+0x1a4d8d]
V  [jvm.dll+0x2284da]
V  [jvm.dll+0x226615]
V  [jvm.dll+0x7ea90b]
V  [jvm.dll+0x7e4e7a]
V  [jvm.dll+0x676395]
C  [ucrtbase.dll+0x29363]
C  [KERNEL32.DLL+0x126ad]
C  [ntdll.dll+0x5aa68]


---------------  P R O C E S S  ---------------

Threads class SMR info:
_java_thread_list=0x00000212bee688d0, length=26, elements={
0x0000021299d88fa0, 0x00000212b9775d60, 0x00000212b9776f20, 0x00000212b97c70a0,
0x00000212b97c7a60, 0x00000212b97ee430, 0x00000212b97ef410, 0x00000212b97f3cb0,
0x00000212b97ffd90, 0x00000212b980bec0, 0x00000212b9980820, 0x00000212b998d320,
0x00000212c189ffc0, 0x00000212bebc14e0, 0x00000212c1909880, 0x00000212bf73e950,
0x00000212bf73ee20, 0x00000212bf73f2f0, 0x00000212c13182a0, 0x00000212c1318f80,
0x00000212c131ac70, 0x00000212c01d3fa0, 0x00000212c01d5c80, 0x00000212c01d52e0,
0x00000212c01d6150, 0x00000212c01d4e10
}

Java Threads: ( => current thread )
  0x0000021299d88fa0 JavaThread "main" [_thread_in_native, id=1680, stack(0x0000007395300000,0x0000007395400000)]
  0x00000212b9775d60 JavaThread "Reference Handler" daemon [_thread_blocked, id=20832, stack(0x0000007395a00000,0x0000007395b00000)]
  0x00000212b9776f20 JavaThread "Finalizer" daemon [_thread_blocked, id=17920, stack(0x0000007395b00000,0x0000007395c00000)]
  0x00000212b97c70a0 JavaThread "Signal Dispatcher" daemon [_thread_blocked, id=9148, stack(0x0000007395c00000,0x0000007395d00000)]
  0x00000212b97c7a60 JavaThread "Attach Listener" daemon [_thread_blocked, id=21376, stack(0x0000007395d00000,0x0000007395e00000)]
  0x00000212b97ee430 JavaThread "Service Thread" daemon [_thread_blocked, id=17060, stack(0x0000007395e00000,0x0000007395f00000)]
  0x00000212b97ef410 JavaThread "Monitor Deflation Thread" daemon [_thread_blocked, id=7684, stack(0x0000007395f00000,0x0000007396000000)]
=>0x00000212b97f3cb0 JavaThread "C2 CompilerThread0" daemon [_thread_in_native, id=16044, stack(0x0000007396000000,0x0000007396100000)]
  0x00000212b97ffd90 JavaThread "C1 CompilerThread0" daemon [_thread_blocked, id=4784, stack(0x0000007396100000,0x0000007396200000)]
  0x00000212b980bec0 JavaThread "Sweeper thread" daemon [_thread_blocked, id=8604, stack(0x0000007396200000,0x0000007396300000)]
  0x00000212b9980820 JavaThread "Common-Cleaner" daemon [_thread_blocked, id=14220, stack(0x0000007396500000,0x0000007396600000)]
  0x00000212b998d320 JavaThread "Notification Thread" daemon [_thread_blocked, id=21836, stack(0x0000007396600000,0x0000007396700000)]
  0x00000212c189ffc0 JavaThread "Catalina-utility-1" [_thread_blocked, id=8692, stack(0x0000007397e00000,0x0000007397f00000)]
  0x00000212bebc14e0 JavaThread "Catalina-utility-2" [_thread_in_native, id=5812, stack(0x0000007397f00000,0x0000007398000000)]
  0x00000212c1909880 JavaThread "http-nio-8081-exec-1" daemon [_thread_blocked, id=3768, stack(0x0000007398000000,0x0000007398100000)]
  0x00000212bf73e950 JavaThread "http-nio-8081-exec-2" daemon [_thread_blocked, id=21224, stack(0x0000007398100000,0x0000007398200000)]
  0x00000212bf73ee20 JavaThread "http-nio-8081-exec-3" daemon [_thread_blocked, id=10412, stack(0x0000007398200000,0x0000007398300000)]
  0x00000212bf73f2f0 JavaThread "http-nio-8081-exec-4" daemon [_thread_blocked, id=14028, stack(0x0000007398300000,0x0000007398400000)]
  0x00000212c13182a0 JavaThread "http-nio-8081-exec-5" daemon [_thread_blocked, id=16816, stack(0x0000007398400000,0x0000007398500000)]
  0x00000212c1318f80 JavaThread "http-nio-8081-exec-6" daemon [_thread_blocked, id=19200, stack(0x0000007398500000,0x0000007398600000)]
  0x00000212c131ac70 JavaThread "http-nio-8081-exec-7" daemon [_thread_blocked, id=7848, stack(0x0000007398600000,0x0000007398700000)]
  0x00000212c01d3fa0 JavaThread "http-nio-8081-exec-8" daemon [_thread_blocked, id=8964, stack(0x0000007398700000,0x0000007398800000)]
  0x00000212c01d5c80 JavaThread "http-nio-8081-exec-9" daemon [_thread_blocked, id=9420, stack(0x0000007398800000,0x0000007398900000)]
  0x00000212c01d52e0 JavaThread "http-nio-8081-exec-10" daemon [_thread_blocked, id=9640, stack(0x0000007398900000,0x0000007398a00000)]
  0x00000212c01d6150 JavaThread "http-nio-8081-Poller" daemon [_thread_in_native, id=22128, stack(0x0000007398d00000,0x0000007398e00000)]
  0x00000212c01d4e10 JavaThread "http-nio-8081-Acceptor" daemon [_thread_in_native, id=2320, stack(0x0000007398e00000,0x0000007398f00000)]

Other Threads:
  0x00000212b9770190 VMThread "VM Thread" [stack: 0x0000007395900000,0x0000007395a00000] [id=8596]
  0x0000021299e48440 WatcherThread [stack: 0x0000007396700000,0x0000007396800000] [id=21892]
  0x0000021299df7100 GCTaskThread "GC Thread#0" [stack: 0x0000007395400000,0x0000007395500000] [id=20660]
  0x00000212beb864e0 GCTaskThread "GC Thread#1" [stack: 0x0000007396b00000,0x0000007396c00000] [id=13528]
  0x00000212beb03590 GCTaskThread "GC Thread#2" [stack: 0x0000007396c00000,0x0000007396d00000] [id=1872]
  0x00000212beb03840 GCTaskThread "GC Thread#3" [stack: 0x0000007396d00000,0x0000007396e00000] [id=17144]
  0x00000212beaf6250 GCTaskThread "GC Thread#4" [stack: 0x0000007396e00000,0x0000007396f00000] [id=2996]
  0x00000212beaf6500 GCTaskThread "GC Thread#5" [stack: 0x0000007396f00000,0x0000007397000000] [id=17828]
  0x00000212beade110 GCTaskThread "GC Thread#6" [stack: 0x0000007397000000,0x0000007397100000] [id=14092]
  0x00000212beade3c0 GCTaskThread "GC Thread#7" [stack: 0x0000007397100000,0x0000007397200000] [id=15028]
  0x00000212beadee80 GCTaskThread "GC Thread#8" [stack: 0x0000007397200000,0x0000007397300000] [id=10892]
  0x00000212beae0140 GCTaskThread "GC Thread#9" [stack: 0x0000007397300000,0x0000007397400000] [id=6604]
  0x00000212bf30f3f0 GCTaskThread "GC Thread#10" [stack: 0x0000007397900000,0x0000007397a00000] [id=12664]
  0x00000212bf30f950 GCTaskThread "GC Thread#11" [stack: 0x0000007397a00000,0x0000007397b00000] [id=5980]
  0x00000212bf310970 GCTaskThread "GC Thread#12" [stack: 0x0000007397b00000,0x0000007397c00000] [id=21532]
  0x00000212bf30ee90 GCTaskThread "GC Thread#13" [stack: 0x0000007397c00000,0x0000007397d00000] [id=11376]
  0x00000212bf30f140 GCTaskThread "GC Thread#14" [stack: 0x0000007397d00000,0x0000007397e00000] [id=16824]
  0x0000021299e07b50 ConcurrentGCThread "G1 Main Marker" [stack: 0x0000007395500000,0x0000007395600000] [id=11232]
  0x0000021299e08560 ConcurrentGCThread "G1 Conc#0" [stack: 0x0000007395600000,0x0000007395700000] [id=13388]
  0x00000212bf30f6a0 ConcurrentGCThread "G1 Conc#1" [stack: 0x0000007398a00000,0x0000007398b00000] [id=17876]
  0x00000212bf30fc00 ConcurrentGCThread "G1 Conc#2" [stack: 0x0000007398b00000,0x0000007398c00000] [id=5684]
  0x00000212bf30feb0 ConcurrentGCThread "G1 Conc#3" [stack: 0x0000007398c00000,0x0000007398d00000] [id=2116]
  0x00000212b95c2630 ConcurrentGCThread "G1 Refine#0" [stack: 0x0000007395700000,0x0000007395800000] [id=5936]
  0x00000212b95c3e10 ConcurrentGCThread "G1 Service" [stack: 0x0000007395800000,0x0000007395900000] [id=16328]

Threads with active compile tasks:
C2 CompilerThread0  1100598 3426 %     4       java.util.zip.ZipFile$Source::initCEN @ 240 (591 bytes)

VM state: not at safepoint (normal execution)

VM Mutex/Monitor currently owned by a thread: None

Heap address: 0x0000000704e00000, size: 4018 MB, Compressed Oops mode: Zero based, Oop shift amount: 3

CDS archive(s) not mapped
Compressed class space mapped at: 0x0000000800000000-0x0000000840000000, reserved size: 1073741824
Narrow klass base: 0x0000000800000000, Narrow klass shift: 0, Narrow klass range: 0x40000000

GC Precious Log:
 CPUs: 20 total, 20 available
 Memory: 16068M
 Large Page Support: Disabled
 NUMA Support: Disabled
 Compressed Oops: Enabled (Zero based)
 Heap Region Size: 2M
 Heap Min Capacity: 8M
 Heap Initial Capacity: 252M
 Heap Max Capacity: 4018M
 Pre-touch: Disabled
 Parallel Workers: 15
 Concurrent Workers: 4
 Concurrent Refinement Workers: 15
 Periodic GC: Disabled

Heap:
 garbage-first heap   total 40960K, used 24825K [0x0000000704e00000, 0x0000000800000000)
  region size 2048K, 9 young (18432K), 1 survivors (2048K)
 Metaspace       used 29318K, committed 29568K, reserved 1114112K
  class space    used 2871K, committed 3008K, reserved 1048576K

Heap Regions: E=young(eden), S=young(survivor), O=old, HS=humongous(starts), HC=humongous(continues), CS=collection set, F=free, OA=open archive, CA=closed archive, TAMS=top-at-mark-start (previous, next)
|   0|0x0000000704e00000, 0x0000000705000000, 0x0000000705000000|100%| O|  |TAMS 0x0000000705000000, 0x0000000704e00000| Untracked 
|   1|0x0000000705000000, 0x0000000705200000, 0x0000000705200000|100%| O|  |TAMS 0x0000000705200000, 0x0000000705000000| Untracked 
|   2|0x0000000705200000, 0x0000000705200000, 0x0000000705400000|  0%| F|  |TAMS 0x0000000705200000, 0x0000000705200000| Untracked 
|   3|0x0000000705400000, 0x0000000705600000, 0x0000000705600000|100%| O|  |TAMS 0x0000000705400000, 0x0000000705400000| Untracked 
|   4|0x0000000705600000, 0x0000000705800000, 0x0000000705800000|100%| O|  |TAMS 0x0000000705600000, 0x0000000705600000| Untracked 
|   5|0x0000000705800000, 0x0000000705937200, 0x0000000705a00000| 60%| O|  |TAMS 0x0000000705800000, 0x0000000705800000| Untracked 
|   6|0x0000000705a00000, 0x0000000705a00000, 0x0000000705c00000|  0%| F|  |TAMS 0x0000000705a00000, 0x0000000705a00000| Untracked 
|   7|0x0000000705c00000, 0x0000000705c00000, 0x0000000705e00000|  0%| F|  |TAMS 0x0000000705c00000, 0x0000000705c00000| Untracked 
|   8|0x0000000705e00000, 0x0000000705f072d8, 0x0000000706000000| 51%| S|CS|TAMS 0x0000000705e00000, 0x0000000705e00000| Complete 
|   9|0x0000000706000000, 0x0000000706000000, 0x0000000706200000|  0%| F|  |TAMS 0x0000000706000000, 0x0000000706000000| Untracked 
|  10|0x0000000706200000, 0x0000000706200000, 0x0000000706400000|  0%| F|  |TAMS 0x0000000706200000, 0x0000000706200000| Untracked 
|  11|0x0000000706400000, 0x0000000706400000, 0x0000000706600000|  0%| F|  |TAMS 0x0000000706400000, 0x0000000706400000| Untracked 
|  12|0x0000000706600000, 0x000000070669d8b8, 0x0000000706800000| 30%| E|  |TAMS 0x0000000706600000, 0x0000000706600000| Complete 
|  13|0x0000000706800000, 0x0000000706a00000, 0x0000000706a00000|100%| E|CS|TAMS 0x0000000706800000, 0x0000000706800000| Complete 
|  14|0x0000000706a00000, 0x0000000706c00000, 0x0000000706c00000|100%| E|CS|TAMS 0x0000000706a00000, 0x0000000706a00000| Complete 
|  15|0x0000000706c00000, 0x0000000706e00000, 0x0000000706e00000|100%| E|CS|TAMS 0x0000000706c00000, 0x0000000706c00000| Complete 
|  16|0x0000000706e00000, 0x0000000707000000, 0x0000000707000000|100%| E|CS|TAMS 0x0000000706e00000, 0x0000000706e00000| Complete 
| 106|0x0000000712200000, 0x0000000712400000, 0x0000000712400000|100%| E|CS|TAMS 0x0000000712200000, 0x0000000712200000| Complete 
| 107|0x0000000712400000, 0x0000000712600000, 0x0000000712600000|100%| E|CS|TAMS 0x0000000712400000, 0x0000000712400000| Complete 
| 125|0x0000000714800000, 0x0000000714a00000, 0x0000000714a00000|100%| E|CS|TAMS 0x0000000714800000, 0x0000000714800000| Complete 

Card table byte_map: [0x00000212ad6c0000,0x00000212adea0000] _byte_map_base: 0x00000212a9e99000

Marking Bits (Prev, Next): (CMBitMap*) 0x0000021299df7750, (CMBitMap*) 0x0000021299df7710
 Prev Bits: [0x00000212b2550000, 0x00000212b6418000)
 Next Bits: [0x00000212ae680000, 0x00000212b2548000)

Polling page: 0x0000021297cd0000

Metaspace:

Usage:
  Non-class:     25.83 MB used.
      Class:      2.80 MB used.
       Both:     28.63 MB used.

Virtual space:
  Non-class space:       64.00 MB reserved,      25.94 MB ( 41%) committed,  1 nodes.
      Class space:        1.00 GB reserved,       2.94 MB ( <1%) committed,  1 nodes.
             Both:        1.06 GB reserved,      28.88 MB (  3%) committed. 

Chunk freelists:
   Non-Class:  6.06 MB
       Class:  13.09 MB
        Both:  19.16 MB

MaxMetaspaceSize: unlimited
CompressedClassSpaceSize: 1.00 GB
Initial GC threshold: 21.00 MB
Current GC threshold: 35.44 MB
CDS: off
MetaspaceReclaimPolicy: balanced
 - commit_granule_bytes: 65536.
 - commit_granule_words: 8192.
 - virtual_space_node_default_size: 8388608.
 - enlarge_chunks_in_place: 1.
 - new_chunks_are_fully_committed: 0.
 - uncommit_free_chunks: 1.
 - use_allocation_guard: 0.
 - handle_deallocations: 1.


Internal statistics:

num_allocs_failed_limit: 3.
num_arena_births: 170.
num_arena_deaths: 0.
num_vsnodes_births: 2.
num_vsnodes_deaths: 0.
num_space_committed: 462.
num_space_uncommitted: 0.
num_chunks_returned_to_freelist: 3.
num_chunks_taken_from_freelist: 681.
num_chunk_merges: 0.
num_chunk_splits: 456.
num_chunks_enlarged: 326.
num_inconsistent_stats: 0.

CodeHeap 'non-profiled nmethods': size=119168Kb used=1996Kb max_used=1996Kb free=117171Kb
 bounds [0x00000212a4fe0000, 0x00000212a5250000, 0x00000212ac440000]
CodeHeap 'profiled nmethods': size=119104Kb used=7448Kb max_used=7448Kb free=111655Kb
 bounds [0x000002129d440000, 0x000002129db90000, 0x00000212a4890000]
CodeHeap 'non-nmethods': size=7488Kb used=1249Kb max_used=2939Kb free=6238Kb
 bounds [0x00000212a4890000, 0x00000212a4b80000, 0x00000212a4fe0000]
 total_blobs=3985 nmethods=3425 adapters=472
 compilation: enabled
              stopped_count=0, restarted_count=0
 full_count=0

Compilation events (20 events):
Event: 1049.150 Thread 0x00000212b97ffd90 nmethod 3416 0x000002129db81790 code [0x000002129db81940, 0x000002129db81ac8]
Event: 1049.150 Thread 0x00000212b97ffd90 3417       3       java.util.Collections$SetFromMap::<init> (39 bytes)
Event: 1049.151 Thread 0x00000212b97ffd90 nmethod 3417 0x000002129db81b90 code [0x000002129db81d80, 0x000002129db82308]
Event: 1049.151 Thread 0x00000212b97ffd90 3418       3       sun.nio.fs.WindowsPath::isAbsolute (26 bytes)
Event: 1049.152 Thread 0x00000212b97ffd90 nmethod 3418 0x000002129db82490 code [0x000002129db82620, 0x000002129db827d8]
Event: 1059.228 Thread 0x00000212b97ffd90 3419   !   3       sun.nio.fs.WindowsPath::getPathForWin32Calls (135 bytes)
Event: 1059.230 Thread 0x00000212b97ffd90 nmethod 3419 0x000002129db82890 code [0x000002129db82b20, 0x000002129db83a58]
Event: 1059.230 Thread 0x00000212b97ffd90 3420       3       sun.nio.fs.WindowsNativeDispatcher::asNativeBuffer (103 bytes)
Event: 1059.231 Thread 0x00000212b97ffd90 nmethod 3420 0x000002129db83e90 code [0x000002129db84100, 0x000002129db84b58]
Event: 1069.119 Thread 0x00000212b97f3cb0 3421       4       java.util.concurrent.ScheduledThreadPoolExecutor$ScheduledFutureTask::compareTo (101 bytes)
Event: 1069.121 Thread 0x00000212b97f3cb0 nmethod 3421 0x00000212a51d2c90 code [0x00000212a51d2e20, 0x00000212a51d2f38]
Event: 1069.308 Thread 0x00000212b97ffd90 3422       3       java.nio.file.Files::provider (10 bytes)
Event: 1069.309 Thread 0x00000212b97ffd90 nmethod 3422 0x000002129db84f10 code [0x000002129db850c0, 0x000002129db852a8]
Event: 1069.309 Thread 0x00000212b97ffd90 3423       3       sun.nio.fs.WindowsPath::toWindowsPath (32 bytes)
Event: 1069.309 Thread 0x00000212b97ffd90 nmethod 3423 0x000002129db85390 code [0x000002129db85560, 0x000002129db859f8]
Event: 1079.386 Thread 0x00000212b97ffd90 3424       1       java.util.Calendar::setLenient (6 bytes)
Event: 1079.386 Thread 0x00000212b97ffd90 nmethod 3424 0x00000212a51d3090 code [0x00000212a51d3220, 0x00000212a51d32f8]
Event: 1100.558 Thread 0x00000212b97ffd90 3425       3       sun.nio.fs.NativeBuffers::getNativeBuffer (21 bytes)
Event: 1100.559 Thread 0x00000212b97ffd90 nmethod 3425 0x000002129db85b10 code [0x000002129db85ce0, 0x000002129db86018]
Event: 1100.562 Thread 0x00000212b97f3cb0 3426 %     4       java.util.zip.ZipFile$Source::initCEN @ 240 (591 bytes)

GC Heap History (20 events):
Event: 1.082 GC heap before
{Heap before GC invocations=2 (full 0):
 garbage-first heap   total 258048K, used 38014K [0x0000000704e00000, 0x0000000800000000)
  region size 2048K, 18 young (36864K), 2 survivors (4096K)
 Metaspace       used 21342K, committed 21504K, reserved 1114112K
  class space    used 2044K, committed 2112K, reserved 1048576K
}
Event: 1.084 GC heap after
{Heap after GC invocations=3 (full 0):
 garbage-first heap   total 258048K, used 8343K [0x0000000704e00000, 0x0000000800000000)
  region size 2048K, 2 young (4096K), 2 survivors (4096K)
 Metaspace       used 21342K, committed 21504K, reserved 1114112K
  class space    used 2044K, committed 2112K, reserved 1048576K
}
Event: 81.320 GC heap before
{Heap before GC invocations=4 (full 0):
 garbage-first heap   total 40960K, used 26775K [0x0000000704e00000, 0x0000000800000000)
  region size 2048K, 12 young (24576K), 2 survivors (4096K)
 Metaspace       used 24289K, committed 24576K, reserved 1114112K
  class space    used 2367K, committed 2496K, reserved 1048576K
}
Event: 81.323 GC heap after
{Heap after GC invocations=5 (full 0):
 garbage-first heap   total 40960K, used 9857K [0x0000000704e00000, 0x0000000800000000)
  region size 2048K, 2 young (4096K), 2 survivors (4096K)
 Metaspace       used 24289K, committed 24576K, reserved 1114112K
  class space    used 2367K, committed 2496K, reserved 1048576K
}
Event: 82.862 GC heap before
{Heap before GC invocations=5 (full 0):
 garbage-first heap   total 40960K, used 11905K [0x0000000704e00000, 0x0000000800000000)
  region size 2048K, 3 young (6144K), 2 survivors (4096K)
 Metaspace       used 24722K, committed 24960K, reserved 1114112K
  class space    used 2396K, committed 2496K, reserved 1048576K
}
Event: 82.865 GC heap after
{Heap after GC invocations=6 (full 0):
 garbage-first heap   total 40960K, used 10244K [0x0000000704e00000, 0x0000000800000000)
  region size 2048K, 1 young (2048K), 1 survivors (2048K)
 Metaspace       used 24722K, committed 24960K, reserved 1114112K
  class space    used 2396K, committed 2496K, reserved 1048576K
}
Event: 121.624 GC heap before
{Heap before GC invocations=6 (full 0):
 garbage-first heap   total 40960K, used 24580K [0x0000000704e00000, 0x0000000800000000)
  region size 2048K, 9 young (18432K), 1 survivors (2048K)
 Metaspace       used 29116K, committed 29376K, reserved 1114112K
  class space    used 2871K, committed 3008K, reserved 1048576K
}
Event: 121.625 GC heap after
{Heap after GC invocations=7 (full 0):
 garbage-first heap   total 40960K, used 10536K [0x0000000704e00000, 0x0000000800000000)
  region size 2048K, 1 young (2048K), 1 survivors (2048K)
 Metaspace       used 29116K, committed 29376K, reserved 1114112K
  class space    used 2871K, committed 3008K, reserved 1048576K
}
Event: 222.471 GC heap before
{Heap before GC invocations=7 (full 0):
 garbage-first heap   total 40960K, used 24872K [0x0000000704e00000, 0x0000000800000000)
  region size 2048K, 9 young (18432K), 1 survivors (2048K)
 Metaspace       used 29169K, committed 29440K, reserved 1114112K
  class space    used 2871K, committed 3008K, reserved 1048576K
}
Event: 222.472 GC heap after
{Heap after GC invocations=8 (full 0):
 garbage-first heap   total 40960K, used 10484K [0x0000000704e00000, 0x0000000800000000)
  region size 2048K, 1 young (2048K), 1 survivors (2048K)
 Metaspace       used 29169K, committed 29440K, reserved 1114112K
  class space    used 2871K, committed 3008K, reserved 1048576K
}
Event: 363.632 GC heap before
{Heap before GC invocations=8 (full 0):
 garbage-first heap   total 40960K, used 28916K [0x0000000704e00000, 0x0000000800000000)
  region size 2048K, 10 young (20480K), 1 survivors (2048K)
 Metaspace       used 29204K, committed 29440K, reserved 1114112K
  class space    used 2871K, committed 3008K, reserved 1048576K
}
Event: 363.633 GC heap after
{Heap after GC invocations=9 (full 0):
 garbage-first heap   total 40960K, used 10487K [0x0000000704e00000, 0x0000000800000000)
  region size 2048K, 1 young (2048K), 1 survivors (2048K)
 Metaspace       used 29204K, committed 29440K, reserved 1114112K
  class space    used 2871K, committed 3008K, reserved 1048576K
}
Event: 504.815 GC heap before
{Heap before GC invocations=9 (full 0):
 garbage-first heap   total 40960K, used 28919K [0x0000000704e00000, 0x0000000800000000)
  region size 2048K, 10 young (20480K), 1 survivors (2048K)
 Metaspace       used 29239K, committed 29504K, reserved 1114112K
  class space    used 2871K, committed 3008K, reserved 1048576K
}
Event: 504.816 GC heap after
{Heap after GC invocations=10 (full 0):
 garbage-first heap   total 40960K, used 10509K [0x0000000704e00000, 0x0000000800000000)
  region size 2048K, 1 young (2048K), 1 survivors (2048K)
 Metaspace       used 29239K, committed 29504K, reserved 1114112K
  class space    used 2871K, committed 3008K, reserved 1048576K
}
Event: 666.112 GC heap before
{Heap before GC invocations=10 (full 0):
 garbage-first heap   total 40960K, used 30989K [0x0000000704e00000, 0x0000000800000000)
  region size 2048K, 11 young (22528K), 1 survivors (2048K)
 Metaspace       used 29272K, committed 29504K, reserved 1114112K
  class space    used 2871K, committed 3008K, reserved 1048576K
}
Event: 666.113 GC heap after
{Heap after GC invocations=11 (full 0):
 garbage-first heap   total 40960K, used 10487K [0x0000000704e00000, 0x0000000800000000)
  region size 2048K, 1 young (2048K), 1 survivors (2048K)
 Metaspace       used 29272K, committed 29504K, reserved 1114112K
  class space    used 2871K, committed 3008K, reserved 1048576K
}
Event: 827.398 GC heap before
{Heap before GC invocations=11 (full 0):
 garbage-first heap   total 40960K, used 30967K [0x0000000704e00000, 0x0000000800000000)
  region size 2048K, 11 young (22528K), 1 survivors (2048K)
 Metaspace       used 29286K, committed 29504K, reserved 1114112K
  class space    used 2871K, committed 3008K, reserved 1048576K
}
Event: 827.399 GC heap after
{Heap after GC invocations=12 (full 0):
 garbage-first heap   total 40960K, used 10465K [0x0000000704e00000, 0x0000000800000000)
  region size 2048K, 1 young (2048K), 1 survivors (2048K)
 Metaspace       used 29286K, committed 29504K, reserved 1114112K
  class space    used 2871K, committed 3008K, reserved 1048576K
}
Event: 988.674 GC heap before
{Heap before GC invocations=12 (full 0):
 garbage-first heap   total 40960K, used 30945K [0x0000000704e00000, 0x0000000800000000)
  region size 2048K, 11 young (22528K), 1 survivors (2048K)
 Metaspace       used 29300K, committed 29504K, reserved 1114112K
  class space    used 2871K, committed 3008K, reserved 1048576K
}
Event: 988.675 GC heap after
{Heap after GC invocations=13 (full 0):
 garbage-first heap   total 40960K, used 10489K [0x0000000704e00000, 0x0000000800000000)
  region size 2048K, 1 young (2048K), 1 survivors (2048K)
 Metaspace       used 29300K, committed 29504K, reserved 1114112K
  class space    used 2871K, committed 3008K, reserved 1048576K
}

Dll operation events (10 events):
Event: 0.007 Loaded shared library D:\gb_KSB_0630\jsp\workspace\eclipse\plugins\org.eclipse.justj.openjdk.hotspot.jre.full.win32.x86_64_17.0.7.v20230425-1502\jre\bin\java.dll
Event: 0.074 Loaded shared library D:\gb_KSB_0630\jsp\workspace\eclipse\plugins\org.eclipse.justj.openjdk.hotspot.jre.full.win32.x86_64_17.0.7.v20230425-1502\jre\bin\net.dll
Event: 0.075 Loaded shared library D:\gb_KSB_0630\jsp\workspace\eclipse\plugins\org.eclipse.justj.openjdk.hotspot.jre.full.win32.x86_64_17.0.7.v20230425-1502\jre\bin\nio.dll
Event: 0.085 Loaded shared library D:\gb_KSB_0630\jsp\workspace\eclipse\plugins\org.eclipse.justj.openjdk.hotspot.jre.full.win32.x86_64_17.0.7.v20230425-1502\jre\bin\zip.dll
Event: 0.104 Loaded shared library D:\gb_KSB_0630\jsp\workspace\eclipse\plugins\org.eclipse.justj.openjdk.hotspot.jre.full.win32.x86_64_17.0.7.v20230425-1502\jre\bin\jimage.dll
Event: 0.432 Loaded shared library D:\gb_KSB_0630\jsp\workspace\eclipse\plugins\org.eclipse.justj.openjdk.hotspot.jre.full.win32.x86_64_17.0.7.v20230425-1502\jre\bin\management.dll
Event: 0.433 Loaded shared library D:\gb_KSB_0630\jsp\workspace\eclipse\plugins\org.eclipse.justj.openjdk.hotspot.jre.full.win32.x86_64_17.0.7.v20230425-1502\jre\bin\management_ext.dll
Event: 0.444 Loaded shared library D:\gb_KSB_0630\util\apache-tomcat-9.0.79\bin\tcnative-1.dll
Event: 1.002 Loaded shared library D:\gb_KSB_0630\jsp\workspace\eclipse\plugins\org.eclipse.justj.openjdk.hotspot.jre.full.win32.x86_64_17.0.7.v20230425-1502\jre\bin\sunmscapi.dll
Event: 82.902 Loaded shared library D:\gb_KSB_0630\jsp\workspace\eclipse\plugins\org.eclipse.justj.openjdk.hotspot.jre.full.win32.x86_64_17.0.7.v20230425-1502\jre\bin\verify.dll

Deoptimization events (20 events):
Event: 83.040 Thread 0x00000212c01d52e0 Uncommon trap: trap_request=0xffffffde fr.pc=0x00000212a50e78fc relative=0x00000000000009fc
Event: 83.040 Thread 0x00000212c01d52e0 Uncommon trap: reason=class_check action=maybe_recompile pc=0x00000212a50e78fc method=java.io.DataInputStream.readInt()I @ 4 c2
Event: 83.040 Thread 0x00000212c01d52e0 DEOPT PACKING pc=0x00000212a50e78fc sp=0x00000073989fd5c0
Event: 83.040 Thread 0x00000212c01d52e0 DEOPT UNPACKING pc=0x00000212a48e69a3 sp=0x00000073989fd570 mode 2
Event: 83.040 Thread 0x00000212c01d52e0 Uncommon trap: trap_request=0xffffffde fr.pc=0x00000212a50cb7c8 relative=0x00000000000002a8
Event: 83.040 Thread 0x00000212c01d52e0 Uncommon trap: reason=class_check action=maybe_recompile pc=0x00000212a50cb7c8 method=java.io.DataInputStream.readByte()B @ 4 c2
Event: 83.040 Thread 0x00000212c01d52e0 DEOPT PACKING pc=0x00000212a50cb7c8 sp=0x00000073989fd560
Event: 83.040 Thread 0x00000212c01d52e0 DEOPT UNPACKING pc=0x00000212a48e69a3 sp=0x00000073989fd518 mode 2
Event: 83.040 Thread 0x00000212c01d52e0 Uncommon trap: trap_request=0xffffffde fr.pc=0x00000212a50e78fc relative=0x00000000000009fc
Event: 83.040 Thread 0x00000212c01d52e0 Uncommon trap: reason=class_check action=maybe_recompile pc=0x00000212a50e78fc method=java.io.DataInputStream.readInt()I @ 4 c2
Event: 83.040 Thread 0x00000212c01d52e0 DEOPT PACKING pc=0x00000212a50e78fc sp=0x00000073989fd5c0
Event: 83.040 Thread 0x00000212c01d52e0 DEOPT UNPACKING pc=0x00000212a48e69a3 sp=0x00000073989fd570 mode 2
Event: 83.040 Thread 0x00000212c01d52e0 Uncommon trap: trap_request=0xffffffde fr.pc=0x00000212a50cb7c8 relative=0x00000000000002a8
Event: 83.040 Thread 0x00000212c01d52e0 Uncommon trap: reason=class_check action=maybe_recompile pc=0x00000212a50cb7c8 method=java.io.DataInputStream.readByte()B @ 4 c2
Event: 83.040 Thread 0x00000212c01d52e0 DEOPT PACKING pc=0x00000212a50cb7c8 sp=0x00000073989fd560
Event: 83.040 Thread 0x00000212c01d52e0 DEOPT UNPACKING pc=0x00000212a48e69a3 sp=0x00000073989fd518 mode 2
Event: 83.040 Thread 0x00000212c01d52e0 Uncommon trap: trap_request=0xffffffde fr.pc=0x00000212a50cb7c8 relative=0x00000000000002a8
Event: 83.040 Thread 0x00000212c01d52e0 Uncommon trap: reason=class_check action=maybe_recompile pc=0x00000212a50cb7c8 method=java.io.DataInputStream.readByte()B @ 4 c2
Event: 83.040 Thread 0x00000212c01d52e0 DEOPT PACKING pc=0x00000212a50cb7c8 sp=0x00000073989fd5d0
Event: 83.040 Thread 0x00000212c01d52e0 DEOPT UNPACKING pc=0x00000212a48e69a3 sp=0x00000073989fd588 mode 2

Classes unloaded (0 events):
No events

Classes redefined (0 events):
No events

Internal exceptions (20 events):
Event: 0.245 Thread 0x0000021299d88fa0 Exception <a 'java/lang/NoSuchMethodError'{0x00000007144a2d38}: 'java.lang.Object java.lang.invoke.DirectMethodHandle$Holder.invokeInterface(java.lang.Object, java.lang.Object)'> (0x00000007144a2d38) 
thrown [s\src\hotspot\share\interpreter\linkResolver.cpp, line 759]
Event: 0.423 Thread 0x0000021299d88fa0 Exception <a 'java/lang/ClassNotFoundException'{0x00000007138d21c0}: sun/util/logging/resources/spi/loggingProvider> (0x00000007138d21c0) 
thrown [s\src\hotspot\share\classfile\systemDictionary.cpp, line 256]
Event: 0.439 Thread 0x0000021299d88fa0 Exception <a 'java/lang/NoSuchMethodError'{0x00000007139373d0}: 'int java.lang.invoke.DirectMethodHandle$Holder.invokeSpecial(java.lang.Object, java.lang.Object, java.lang.Object)'> (0x00000007139373d0) 
thrown [s\src\hotspot\share\interpreter\linkResolver.cpp, line 759]
Event: 0.454 Thread 0x0000021299d88fa0 Exception <a 'java/lang/NoSuchMethodError'{0x00000007139c1db0}: 'int java.lang.invoke.DirectMethodHandle$Holder.invokeInterface(java.lang.Object, java.lang.Object)'> (0x00000007139c1db0) 
thrown [s\src\hotspot\share\interpreter\linkResolver.cpp, line 759]
Event: 0.454 Thread 0x0000021299d88fa0 Exception <a 'java/lang/IncompatibleClassChangeError'{0x00000007139c53b0}: Found class java.lang.Object, but interface was expected> (0x00000007139c53b0) 
thrown [s\src\hotspot\share\interpreter\linkResolver.cpp, line 826]
Event: 0.454 Thread 0x0000021299d88fa0 Exception <a 'java/lang/NoSuchMethodError'{0x00000007139cadf8}: 'void java.lang.invoke.DirectMethodHandle$Holder.invokeStatic(java.lang.Object, java.lang.Object)'> (0x00000007139cadf8) 
thrown [s\src\hotspot\share\interpreter\linkResolver.cpp, line 759]
Event: 0.481 Thread 0x0000021299d88fa0 Exception <a 'java/lang/NoSuchMethodError'{0x00000007136f28a0}: 'void java.lang.invoke.DirectMethodHandle$Holder.invokeStatic(java.lang.Object, java.lang.Object, java.lang.Object)'> (0x00000007136f28a0) 
thrown [s\src\hotspot\share\interpreter\linkResolver.cpp, line 759]
Event: 0.640 Thread 0x0000021299d88fa0 Implicit null exception at 0x00000212a5030658 to 0x00000212a50306ee
Event: 0.645 Thread 0x0000021299d88fa0 Exception <a 'sun/nio/fs/WindowsException'{0x000000071400c0d8}> (0x000000071400c0d8) 
thrown [s\src\hotspot\share\prims\jni.cpp, line 516]
Event: 0.660 Thread 0x0000021299d88fa0 Implicit null exception at 0x00000212a50586f4 to 0x00000212a505903c
Event: 0.676 Thread 0x0000021299d88fa0 Exception <a 'java/io/FileNotFoundException'{0x000000071417c608}> (0x000000071417c608) 
thrown [s\src\hotspot\share\prims\jni.cpp, line 516]
Event: 0.702 Thread 0x0000021299d88fa0 Implicit null exception at 0x00000212a505e6ef to 0x00000212a505e8e4
Event: 0.743 Thread 0x0000021299d88fa0 Exception <a 'java/io/FileNotFoundException'{0x0000000713d29860}> (0x0000000713d29860) 
thrown [s\src\hotspot\share\prims\jni.cpp, line 516]
Event: 1.040 Thread 0x0000021299d88fa0 Exception <a 'java/lang/NoSuchMethodError'{0x0000000713258fd8}: 'long java.lang.invoke.DirectMethodHandle$Holder.invokeVirtual(java.lang.Object, java.lang.Object)'> (0x0000000713258fd8) 
thrown [s\src\hotspot\share\interpreter\linkResolver.cpp, line 759]
Event: 1.041 Thread 0x0000021299d88fa0 Exception <a 'java/lang/NoSuchMethodError'{0x0000000713263778}: 'java.lang.Object java.lang.invoke.Invokers$Holder.invokeExact_MT(java.lang.Object, java.lang.Object, java.lang.Object, java.lang.Object, java.lang.Object, java.lang.Object)'> (0x0000000713263778) 
thrown [s\src\hotspot\share\interpreter\linkResolver.cpp, line 759]
Event: 1.063 Thread 0x0000021299d88fa0 Exception <a 'java/io/FileNotFoundException'{0x00000007133618d0}> (0x00000007133618d0) 
thrown [s\src\hotspot\share\prims\jni.cpp, line 516]
Event: 1.086 Thread 0x0000021299d88fa0 Exception <a 'java/lang/NoSuchMethodError'{0x000000071480ba70}: 'java.lang.Object java.lang.invoke.DirectMethodHandle$Holder.invokeStaticInit(java.lang.Object, int, int, int, int)'> (0x000000071480ba70) 
thrown [s\src\hotspot\share\interpreter\linkResolver.cpp, line 759]
Event: 1.098 Thread 0x0000021299d88fa0 Exception <a 'java/lang/NoSuchMethodError'{0x00000007148d1a10}: 'java.lang.Object java.lang.invoke.DirectMethodHandle$Holder.invokeStaticInit(java.lang.Object, java.lang.Object, int, int, int, int)'> (0x00000007148d1a10) 
thrown [s\src\hotspot\share\interpreter\linkResolver.cpp, line 759]
Event: 2.021 Thread 0x00000212bf73ee20 Implicit null exception at 0x00000212a5031655 to 0x00000212a5031728
Event: 82.974 Thread 0x00000212c01d52e0 Exception <a 'sun/nio/fs/WindowsException'{0x0000000706e24588}> (0x0000000706e24588) 
thrown [s\src\hotspot\share\prims\jni.cpp, line 516]

VM Operations (20 events):
Event: 666.112 Executing VM operation: G1CollectForAllocation
Event: 666.113 Executing VM operation: G1CollectForAllocation done
Event: 827.398 Executing VM operation: G1CollectForAllocation
Event: 827.399 Executing VM operation: G1CollectForAllocation done
Event: 885.856 Executing VM operation: Cleanup
Event: 885.857 Executing VM operation: Cleanup done
Event: 968.502 Executing VM operation: Cleanup
Event: 968.502 Executing VM operation: Cleanup done
Event: 969.515 Executing VM operation: Cleanup
Event: 969.515 Executing VM operation: Cleanup done
Event: 988.674 Executing VM operation: G1CollectForAllocation
Event: 988.675 Executing VM operation: G1CollectForAllocation done
Event: 1018.928 Executing VM operation: Cleanup
Event: 1018.928 Executing VM operation: Cleanup done
Event: 1019.930 Executing VM operation: Cleanup
Event: 1019.930 Executing VM operation: Cleanup done
Event: 1050.053 Executing VM operation: Cleanup
Event: 1050.053 Executing VM operation: Cleanup done
Event: 1060.087 Executing VM operation: Cleanup
Event: 1060.087 Executing VM operation: Cleanup done

Events (20 events):
Event: 82.980 loading class com/sun/crypto/provider/FeedbackCipher
Event: 82.980 loading class com/sun/crypto/provider/FeedbackCipher done
Event: 82.980 loading class com/sun/crypto/provider/ElectronicCodeBook done
Event: 82.980 loading class com/sun/crypto/provider/PKCS5Padding
Event: 82.980 loading class com/sun/crypto/provider/Padding
Event: 82.980 loading class com/sun/crypto/provider/Padding done
Event: 82.980 loading class com/sun/crypto/provider/PKCS5Padding done
Event: 82.980 loading class com/sun/crypto/provider/CipherBlockChaining
Event: 82.980 loading class com/sun/crypto/provider/CipherBlockChaining done
Event: 82.980 loading class javax/crypto/NullCipher
Event: 82.980 loading class javax/crypto/NullCipher done
Event: 82.981 loading class sun/security/util/ArrayUtil
Event: 82.981 loading class sun/security/util/ArrayUtil done
Event: 82.981 loading class sun/security/provider/MD5
Event: 82.981 loading class sun/security/provider/MD5 done
Event: 82.981 loading class sun/security/provider/ByteArrayAccess$LE
Event: 82.981 loading class sun/security/provider/ByteArrayAccess$LE done
Event: 83.260 Thread 0x00000212b98002a0 Thread exited: 0x00000212b98002a0
Event: 212.374 Thread 0x00000212b97fe440 Thread added: 0x00000212b97fe440
Event: 217.393 Thread 0x00000212b97fe440 Thread exited: 0x00000212b97fe440


Dynamic libraries:
0x00007ff726730000 - 0x00007ff72673e000 	D:\gb_KSB_0630\jsp\workspace\eclipse\plugins\org.eclipse.justj.openjdk.hotspot.jre.full.win32.x86_64_17.0.7.v20230425-1502\jre\bin\javaw.exe
0x00007fff0c770000 - 0x00007fff0c984000 	C:\WINDOWS\SYSTEM32\ntdll.dll
0x00007fff0c180000 - 0x00007fff0c244000 	C:\WINDOWS\System32\KERNEL32.DLL
0x00007fff09eb0000 - 0x00007fff0a254000 	C:\WINDOWS\System32\KERNELBASE.dll
0x00007fff09b80000 - 0x00007fff09c91000 	C:\WINDOWS\System32\ucrtbase.dll
0x00007fff06e40000 - 0x00007fff06e59000 	D:\gb_KSB_0630\jsp\workspace\eclipse\plugins\org.eclipse.justj.openjdk.hotspot.jre.full.win32.x86_64_17.0.7.v20230425-1502\jre\bin\VCRUNTIME140.dll
0x00007fff06d10000 - 0x00007fff06d27000 	D:\gb_KSB_0630\jsp\workspace\eclipse\plugins\org.eclipse.justj.openjdk.hotspot.jre.full.win32.x86_64_17.0.7.v20230425-1502\jre\bin\jli.dll
0x00007fff0c300000 - 0x00007fff0c4aa000 	C:\WINDOWS\System32\USER32.dll
0x00007fff09b50000 - 0x00007fff09b76000 	C:\WINDOWS\System32\win32u.dll
0x00007fff0c4b0000 - 0x00007fff0c4d9000 	C:\WINDOWS\System32\GDI32.dll
0x00007fff09d90000 - 0x00007fff09ea9000 	C:\WINDOWS\System32\gdi32full.dll
0x00007fff0a320000 - 0x00007fff0a3ba000 	C:\WINDOWS\System32\msvcp_win.dll
0x00007ffeebb30000 - 0x00007ffeebdbf000 	C:\WINDOWS\WinSxS\amd64_microsoft.windows.common-controls_6595b64144ccf1df_6.0.22621.2070_none_2713e6537381f706\COMCTL32.dll
0x00007fff0ab00000 - 0x00007fff0aba7000 	C:\WINDOWS\System32\msvcrt.dll
0x00007fff0c4e0000 - 0x00007fff0c511000 	C:\WINDOWS\System32\IMM32.DLL
0x00007fff06f30000 - 0x00007fff06f3c000 	D:\gb_KSB_0630\jsp\workspace\eclipse\plugins\org.eclipse.justj.openjdk.hotspot.jre.full.win32.x86_64_17.0.7.v20230425-1502\jre\bin\vcruntime140_1.dll
0x00007ffedc8a0000 - 0x00007ffedc931000 	D:\gb_KSB_0630\jsp\workspace\eclipse\plugins\org.eclipse.justj.openjdk.hotspot.jre.full.win32.x86_64_17.0.7.v20230425-1502\jre\bin\msvcp140.dll
0x00007ffe94110000 - 0x00007ffe94d58000 	D:\gb_KSB_0630\jsp\workspace\eclipse\plugins\org.eclipse.justj.openjdk.hotspot.jre.full.win32.x86_64_17.0.7.v20230425-1502\jre\bin\server\jvm.dll
0x00007fff0b160000 - 0x00007fff0b210000 	C:\WINDOWS\System32\ADVAPI32.dll
0x00007fff0c520000 - 0x00007fff0c5c6000 	C:\WINDOWS\System32\sechost.dll
0x00007fff0a720000 - 0x00007fff0a837000 	C:\WINDOWS\System32\RPCRT4.dll
0x00007fff03a20000 - 0x00007fff03a2a000 	C:\WINDOWS\SYSTEM32\VERSION.dll
0x00007ffee6890000 - 0x00007ffee6899000 	C:\WINDOWS\SYSTEM32\WSOCK32.dll
0x00007fff0c5d0000 - 0x00007fff0c641000 	C:\WINDOWS\System32\WS2_32.dll
0x00007ffefdd20000 - 0x00007ffefdd54000 	C:\WINDOWS\SYSTEM32\WINMM.dll
0x00007fff08c30000 - 0x00007fff08c48000 	C:\WINDOWS\SYSTEM32\kernel.appcore.dll
0x00007fff06da0000 - 0x00007fff06daa000 	D:\gb_KSB_0630\jsp\workspace\eclipse\plugins\org.eclipse.justj.openjdk.hotspot.jre.full.win32.x86_64_17.0.7.v20230425-1502\jre\bin\jimage.dll
0x00007ffeed8d0000 - 0x00007ffeedafe000 	C:\WINDOWS\SYSTEM32\DBGHELP.DLL
0x00007fff0bb00000 - 0x00007fff0be8a000 	C:\WINDOWS\System32\combase.dll
0x00007fff0a540000 - 0x00007fff0a617000 	C:\WINDOWS\System32\OLEAUT32.dll
0x00007ffeee840000 - 0x00007ffeee872000 	C:\WINDOWS\SYSTEM32\dbgcore.DLL
0x00007fff09d10000 - 0x00007fff09d8a000 	C:\WINDOWS\System32\bcryptPrimitives.dll
0x00007ffee0740000 - 0x00007ffee0765000 	D:\gb_KSB_0630\jsp\workspace\eclipse\plugins\org.eclipse.justj.openjdk.hotspot.jre.full.win32.x86_64_17.0.7.v20230425-1502\jre\bin\java.dll
0x00007ffee5d60000 - 0x00007ffee5d78000 	D:\gb_KSB_0630\jsp\workspace\eclipse\plugins\org.eclipse.justj.openjdk.hotspot.jre.full.win32.x86_64_17.0.7.v20230425-1502\jre\bin\zip.dll
0x00007fff0b230000 - 0x00007fff0ba46000 	C:\WINDOWS\System32\SHELL32.dll
0x00007fff07b30000 - 0x00007fff0841a000 	C:\WINDOWS\SYSTEM32\windows.storage.dll
0x00007fff079f0000 - 0x00007fff07b2e000 	C:\WINDOWS\SYSTEM32\wintypes.dll
0x00007fff0a620000 - 0x00007fff0a713000 	C:\WINDOWS\System32\SHCORE.dll
0x00007fff0c250000 - 0x00007fff0c2ae000 	C:\WINDOWS\System32\shlwapi.dll
0x00007fff09a80000 - 0x00007fff09aa6000 	C:\WINDOWS\SYSTEM32\profapi.dll
0x00007ffedc7f0000 - 0x00007ffedc809000 	D:\gb_KSB_0630\jsp\workspace\eclipse\plugins\org.eclipse.justj.openjdk.hotspot.jre.full.win32.x86_64_17.0.7.v20230425-1502\jre\bin\net.dll
0x00007fff04a40000 - 0x00007fff04b77000 	C:\WINDOWS\SYSTEM32\WINHTTP.dll
0x00007fff09100000 - 0x00007fff09169000 	C:\WINDOWS\system32\mswsock.dll
0x00007ffedc7d0000 - 0x00007ffedc7e5000 	D:\gb_KSB_0630\jsp\workspace\eclipse\plugins\org.eclipse.justj.openjdk.hotspot.jre.full.win32.x86_64_17.0.7.v20230425-1502\jre\bin\nio.dll
0x00007fff06e30000 - 0x00007fff06e39000 	D:\gb_KSB_0630\jsp\workspace\eclipse\plugins\org.eclipse.justj.openjdk.hotspot.jre.full.win32.x86_64_17.0.7.v20230425-1502\jre\bin\management.dll
0x00007fff06d80000 - 0x00007fff06d8b000 	D:\gb_KSB_0630\jsp\workspace\eclipse\plugins\org.eclipse.justj.openjdk.hotspot.jre.full.win32.x86_64_17.0.7.v20230425-1502\jre\bin\management_ext.dll
0x00007fff0a530000 - 0x00007fff0a538000 	C:\WINDOWS\System32\PSAPI.DLL
0x0000000180000000 - 0x0000000180288000 	D:\gb_KSB_0630\util\apache-tomcat-9.0.79\bin\tcnative-1.dll
0x00007fff0a3c0000 - 0x00007fff0a527000 	C:\WINDOWS\System32\CRYPT32.dll
0x00007fff09350000 - 0x00007fff0936b000 	C:\WINDOWS\SYSTEM32\CRYPTSP.dll
0x00007fff08bf0000 - 0x00007fff08c25000 	C:\WINDOWS\system32\rsaenh.dll
0x00007fff09370000 - 0x00007fff0937c000 	C:\WINDOWS\SYSTEM32\CRYPTBASE.dll
0x00007ffeeca80000 - 0x00007ffeeca8e000 	D:\gb_KSB_0630\jsp\workspace\eclipse\plugins\org.eclipse.justj.openjdk.hotspot.jre.full.win32.x86_64_17.0.7.v20230425-1502\jre\bin\sunmscapi.dll
0x00007fff094c0000 - 0x00007fff094ee000 	C:\WINDOWS\SYSTEM32\ncrypt.dll
0x00007fff09480000 - 0x00007fff094b7000 	C:\WINDOWS\SYSTEM32\NTASN1.dll
0x00007fff091f0000 - 0x00007fff0921c000 	C:\WINDOWS\SYSTEM32\USERENV.dll
0x00007fff094f0000 - 0x00007fff09518000 	C:\WINDOWS\SYSTEM32\bcrypt.dll
0x00007fff086f0000 - 0x00007fff0871d000 	C:\WINDOWS\SYSTEM32\IPHLPAPI.DLL
0x00007fff0bf20000 - 0x00007fff0bf29000 	C:\WINDOWS\System32\NSI.dll
0x00007fff047c0000 - 0x00007fff047d9000 	C:\WINDOWS\SYSTEM32\dhcpcsvc6.DLL
0x00007fff047a0000 - 0x00007fff047bf000 	C:\WINDOWS\SYSTEM32\dhcpcsvc.DLL
0x00007fff08760000 - 0x00007fff08853000 	C:\WINDOWS\SYSTEM32\DNSAPI.dll
0x00007ffee9e20000 - 0x00007ffee9e28000 	C:\WINDOWS\system32\wshunix.dll
0x00007fff038c0000 - 0x00007fff038ca000 	C:\Windows\System32\rasadhlp.dll
0x00007fff04200000 - 0x00007fff04284000 	C:\WINDOWS\System32\fwpuclnt.dll
0x00007fff06d90000 - 0x00007fff06da0000 	D:\gb_KSB_0630\jsp\workspace\eclipse\plugins\org.eclipse.justj.openjdk.hotspot.jre.full.win32.x86_64_17.0.7.v20230425-1502\jre\bin\verify.dll
0x00007ffee4e10000 - 0x00007ffee4e27000 	C:\WINDOWS\system32\napinsp.dll
0x00007ffee4df0000 - 0x00007ffee4e0b000 	C:\WINDOWS\system32\pnrpnsp.dll
0x00007ffee4dd0000 - 0x00007ffee4de1000 	C:\WINDOWS\System32\winrnr.dll
0x00007ffee4db0000 - 0x00007ffee4dc5000 	C:\WINDOWS\system32\wshbth.dll
0x00007ffee4d80000 - 0x00007ffee4da1000 	C:\WINDOWS\system32\nlansp_c.dll

dbghelp: loaded successfully - version: 4.0.5 - missing functions: none
symbol engine: initialized successfully - sym options: 0x614 - pdb path: .;D:\gb_KSB_0630\jsp\workspace\eclipse\plugins\org.eclipse.justj.openjdk.hotspot.jre.full.win32.x86_64_17.0.7.v20230425-1502\jre\bin;C:\WINDOWS\SYSTEM32;C:\WINDOWS\WinSxS\amd64_microsoft.windows.common-controls_6595b64144ccf1df_6.0.22621.2070_none_2713e6537381f706;D:\gb_KSB_0630\jsp\workspace\eclipse\plugins\org.eclipse.justj.openjdk.hotspot.jre.full.win32.x86_64_17.0.7.v20230425-1502\jre\bin\server;D:\gb_KSB_0630\util\apache-tomcat-9.0.79\bin

VM Arguments:
jvm_args: -Dcatalina.base=D:\gb_KSB_0630\jsp\workspace\.metadata\.plugins\org.eclipse.wst.server.core\tmp8 -Dcatalina.home=D:\gb_KSB_0630\util\apache-tomcat-9.0.79 -Dwtp.deploy=D:\gb_KSB_0630\jsp\workspace\.metadata\.plugins\org.eclipse.wst.server.core\tmp8\wtpwebapps --add-opens=java.base/java.lang=ALL-UNNAMED --add-opens=java.base/java.io=ALL-UNNAMED --add-opens=java.base/java.util=ALL-UNNAMED --add-opens=java.base/java.util.concurrent=ALL-UNNAMED --add-opens=java.rmi/sun.rmi.transport=ALL-UNNAMED -Dfile.encoding=UTF-8 -XX:+ShowCodeDetailsInExceptionMessages 
java_command: org.apache.catalina.startup.Bootstrap start
java_class_path (initial): D:\gb_KSB_0630\util\apache-tomcat-9.0.79\bin\bootstrap.jar;D:\gb_KSB_0630\util\apache-tomcat-9.0.79\bin\tomcat-juli.jar
Launcher Type: SUN_STANDARD

[Global flags]
     intx CICompilerCount                          = 12                                        {product} {ergonomic}
     uint ConcGCThreads                            = 4                                         {product} {ergonomic}
     uint G1ConcRefinementThreads                  = 15                                        {product} {ergonomic}
   size_t G1HeapRegionSize                         = 2097152                                   {product} {ergonomic}
    uintx GCDrainStackTargetSize                   = 64                                        {product} {ergonomic}
   size_t InitialHeapSize                          = 264241152                                 {product} {ergonomic}
   size_t MarkStackSize                            = 4194304                                   {product} {ergonomic}
   size_t MaxHeapSize                              = 4213178368                                {product} {ergonomic}
   size_t MaxNewSize                               = 2527068160                                {product} {ergonomic}
   size_t MinHeapDeltaBytes                        = 2097152                                   {product} {ergonomic}
   size_t MinHeapSize                              = 8388608                                   {product} {ergonomic}
    uintx NonNMethodCodeHeapSize                   = 7602480                                {pd product} {ergonomic}
    uintx NonProfiledCodeHeapSize                  = 122027880                              {pd product} {ergonomic}
    uintx ProfiledCodeHeapSize                     = 122027880                              {pd product} {ergonomic}
    uintx ReservedCodeCacheSize                    = 251658240                              {pd product} {ergonomic}
     bool SegmentedCodeCache                       = true                                      {product} {ergonomic}
     bool ShowCodeDetailsInExceptionMessages       = true                                   {manageable} {command line}
   size_t SoftMaxHeapSize                          = 4213178368                             {manageable} {ergonomic}
     bool UseCompressedClassPointers               = true                           {product lp64_product} {ergonomic}
     bool UseCompressedOops                        = true                           {product lp64_product} {ergonomic}
     bool UseG1GC                                  = true                                      {product} {ergonomic}
     bool UseLargePagesIndividualAllocation        = false                                  {pd product} {ergonomic}

Logging:
Log output configuration:
 #0: stdout all=warning uptime,level,tags
 #1: stderr all=off uptime,level,tags

Environment Variables:
PATH=D:/gb_KSB_0630/jsp/workspace/eclipse//plugins/org.eclipse.justj.openjdk.hotspot.jre.full.win32.x86_64_17.0.7.v20230425-1502/jre/bin/server;D:/gb_KSB_0630/jsp/workspace/eclipse//plugins/org.eclipse.justj.openjdk.hotspot.jre.full.win32.x86_64_17.0.7.v20230425-1502/jre/bin;D:\gb_KSB_0630\util\app\oracle\product\11.2.0\server\bin;C:\WINDOWS\system32;C:\WINDOWS;C:\WINDOWS\System32\Wbem;C:\WINDOWS\System32\WindowsPowerShell\v1.0\;C:\WINDOWS\System32\OpenSSH\;C:\Program Files\Bandizip\;D:\gb_KSB_0630\util\jdk-11.0.19_windows-x64_bin\jdk-11.0.19\bin;D:\gb_KSB_0630\util\Git\cmd;C:\Users\kitcoop\AppData\Local\Microsoft\WindowsApps;;D:\gb_KSB_0630\util\Microsoft VS Code\bin;D:\gb_KSB_0630\jsp\workspace\eclipse;
USERNAME=kitcoop
OS=Windows_NT
PROCESSOR_IDENTIFIER=Intel64 Family 6 Model 151 Stepping 2, GenuineIntel
TMP=C:\Users\kitcoop\AppData\Local\Temp
TEMP=C:\Users\kitcoop\AppData\Local\Temp



---------------  S Y S T E M  ---------------

OS:
 Windows 11 , 64 bit Build 22621 (10.0.22621.2070)
OS uptime: 1 days 7:48 hours

CPU: total 20 (initial active 20) (10 cores per cpu, 2 threads per core) family 6 model 151 stepping 2 microcode 0x2e, cx8, cmov, fxsr, ht, mmx, 3dnowpref, sse, sse2, sse3, ssse3, sse4.1, sse4.2, popcnt, lzcnt, tsc, tscinvbit, avx, avx2, aes, erms, clmul, bmi1, bmi2, adx, sha, fma, vzeroupper, clflush, clflushopt, clwb

Memory: 4k page, system-wide physical 16068M (2560M free)
TotalPageFile size 46478M (AvailPageFile size 0M)
current process WorkingSet (physical memory assigned to process): 126M, peak: 164M
current process commit charge ("private bytes"): 173M, peak: 436M

vm_info: OpenJDK 64-Bit Server VM (17.0.7+7) for windows-amd64 JRE (17.0.7+7), built on Apr 18 2023 22:10:42 by "temurin" with MS VC++ 16.7 (VS2019)

END.
