#
# There is insufficient memory for the Java Runtime Environment to continue.
# Native memory allocation (malloc) failed to allocate 32744 bytes for ChunkPool::allocate
# Possible reasons:
#   The system is out of physical RAM or swap space
#   The process is running with CompressedOops enabled, and the Java Heap may be blocking the growth of the native heap
# Possible solutions:
#   Reduce memory load on the system
#   Increase physical memory or swap space
#   Check if swap backing store is full
#   Decrease Java heap size (-Xmx/-Xms)
#   Decrease number of Java threads
#   Decrease Java thread stack sizes (-Xss)
#   Set larger code cache with -XX:ReservedCodeCacheSize=
#   JVM is running with Zero Based Compressed Oops mode in which the Java heap is
#     placed in the first 32GB address space. The Java Heap base address is the
#     maximum limit for the native heap growth. Please use -XX:HeapBaseMinAddress
#     to set the Java Heap base and to place the Java Heap above 32GB virtual address.
# This output file may be truncated or incomplete.
#
#  Out of Memory Error (arena.cpp:78), pid=20580, tid=16884
#
# JRE version: OpenJDK Runtime Environment Temurin-17.0.7+7 (17.0.7+7) (build 17.0.7+7)
# Java VM: OpenJDK 64-Bit Server VM Temurin-17.0.7+7 (17.0.7+7, mixed mode, tiered, compressed oops, compressed class ptrs, g1 gc, windows-amd64)
# No core dump will be written. Minidumps are not enabled by default on client versions of Windows
#

---------------  S U M M A R Y ------------

Command Line: -Dcatalina.base=D:\gb_KSB_0630\jsp\workspace\.metadata\.plugins\org.eclipse.wst.server.core\tmp8 -Dcatalina.home=D:\gb_KSB_0630\util\apache-tomcat-9.0.79 -Dwtp.deploy=D:\gb_KSB_0630\jsp\workspace\.metadata\.plugins\org.eclipse.wst.server.core\tmp8\wtpwebapps --add-opens=java.base/java.lang=ALL-UNNAMED --add-opens=java.base/java.io=ALL-UNNAMED --add-opens=java.base/java.util=ALL-UNNAMED --add-opens=java.base/java.util.concurrent=ALL-UNNAMED --add-opens=java.rmi/sun.rmi.transport=ALL-UNNAMED -Dfile.encoding=UTF-8 -XX:+ShowCodeDetailsInExceptionMessages org.apache.catalina.startup.Bootstrap start

Host: 12th Gen Intel(R) Core(TM) i7-12700, 20 cores, 15G,  Windows 11 , 64 bit Build 22621 (10.0.22621.2070)
Time: Fri Aug 25 16:14:37 2023  Windows 11 , 64 bit Build 22621 (10.0.22621.2070) elapsed time: 2048.776057 seconds (0d 0h 34m 8s)

---------------  T H R E A D  ---------------

Current thread (0x000001a7ad0c8510):  JavaThread "C2 CompilerThread0" daemon [_thread_in_native, id=16884, stack(0x0000008bde200000,0x0000008bde300000)]


Current CompileTask:
C2:2048776 3421       4       java.util.concurrent.locks.AbstractQueuedSynchronizer$ConditionObject::enableWait (84 bytes)

Stack: [0x0000008bde200000,0x0000008bde300000]
Native frames: (J=compiled Java code, j=interpreted, Vv=VM code, C=native code)
V  [jvm.dll+0x67754a]
V  [jvm.dll+0x834304]
V  [jvm.dll+0x835aae]
V  [jvm.dll+0x836113]
V  [jvm.dll+0x24696f]
V  [jvm.dll+0xac2cc]
V  [jvm.dll+0xac67c]
V  [jvm.dll+0x11e7b8]
V  [jvm.dll+0x6a0c59]
V  [jvm.dll+0x1bceb4]
V  [jvm.dll+0x219799]
V  [jvm.dll+0x218a61]
V  [jvm.dll+0x1a4d8d]
V  [jvm.dll+0x2284da]
V  [jvm.dll+0x226615]
V  [jvm.dll+0x7ea90b]
V  [jvm.dll+0x7e4e7a]
V  [jvm.dll+0x676395]
C  [ucrtbase.dll+0x29363]
C  [KERNEL32.DLL+0x126ad]
C  [ntdll.dll+0x5aa68]


---------------  P R O C E S S  ---------------

Threads class SMR info:
_java_thread_list=0x000001a7af1e32b0, length=26, elements={
0x000001a789636fe0, 0x000001a7ad052c40, 0x000001a7ad0537f0, 0x000001a7ad09d6d0,
0x000001a7ad09e090, 0x000001a7ad0a0a50, 0x000001a7ad0c6a40, 0x000001a7ad0c8510,
0x000001a7ad10ebf0, 0x000001a7ad117cc0, 0x000001a7ad2c1340, 0x000001a7ad2c2430,
0x000001a7af55a8a0, 0x000001a7af231a10, 0x000001a7ae73bb40, 0x000001a7af127650,
0x000001a7af127b20, 0x000001a7af3915f0, 0x000001a7af391ac0, 0x000001a7af391f90,
0x000001a7ae63b610, 0x000001a7ae639460, 0x000001a7ae639930, 0x000001a7ae638ac0,
0x000001a7ae63bae0, 0x000001a7ae63c480
}

Java Threads: ( => current thread )
  0x000001a789636fe0 JavaThread "main" [_thread_in_native, id=20648, stack(0x0000008bdd500000,0x0000008bdd600000)]
  0x000001a7ad052c40 JavaThread "Reference Handler" daemon [_thread_blocked, id=19528, stack(0x0000008bddc00000,0x0000008bddd00000)]
  0x000001a7ad0537f0 JavaThread "Finalizer" daemon [_thread_blocked, id=16480, stack(0x0000008bddd00000,0x0000008bdde00000)]
  0x000001a7ad09d6d0 JavaThread "Signal Dispatcher" daemon [_thread_blocked, id=5548, stack(0x0000008bdde00000,0x0000008bddf00000)]
  0x000001a7ad09e090 JavaThread "Attach Listener" daemon [_thread_blocked, id=20368, stack(0x0000008bddf00000,0x0000008bde000000)]
  0x000001a7ad0a0a50 JavaThread "Service Thread" daemon [_thread_blocked, id=20012, stack(0x0000008bde000000,0x0000008bde100000)]
  0x000001a7ad0c6a40 JavaThread "Monitor Deflation Thread" daemon [_thread_blocked, id=1920, stack(0x0000008bde100000,0x0000008bde200000)]
=>0x000001a7ad0c8510 JavaThread "C2 CompilerThread0" daemon [_thread_in_native, id=16884, stack(0x0000008bde200000,0x0000008bde300000)]
  0x000001a7ad10ebf0 JavaThread "C1 CompilerThread0" daemon [_thread_blocked, id=20156, stack(0x0000008bde300000,0x0000008bde400000)]
  0x000001a7ad117cc0 JavaThread "Sweeper thread" daemon [_thread_blocked, id=18772, stack(0x0000008bde400000,0x0000008bde500000)]
  0x000001a7ad2c1340 JavaThread "Common-Cleaner" daemon [_thread_blocked, id=11368, stack(0x0000008bde700000,0x0000008bde800000)]
  0x000001a7ad2c2430 JavaThread "Notification Thread" daemon [_thread_blocked, id=1952, stack(0x0000008bde800000,0x0000008bde900000)]
  0x000001a7af55a8a0 JavaThread "Catalina-utility-1" [_thread_blocked, id=8408, stack(0x0000008bdff00000,0x0000008be0000000)]
  0x000001a7af231a10 JavaThread "Catalina-utility-2" [_thread_blocked, id=4168, stack(0x0000008be0000000,0x0000008be0100000)]
  0x000001a7ae73bb40 JavaThread "http-nio-8081-exec-1" daemon [_thread_blocked, id=13540, stack(0x0000008be0400000,0x0000008be0500000)]
  0x000001a7af127650 JavaThread "http-nio-8081-exec-2" daemon [_thread_blocked, id=22140, stack(0x0000008be0500000,0x0000008be0600000)]
  0x000001a7af127b20 JavaThread "http-nio-8081-exec-3" daemon [_thread_blocked, id=20668, stack(0x0000008be0600000,0x0000008be0700000)]
  0x000001a7af3915f0 JavaThread "http-nio-8081-exec-4" daemon [_thread_blocked, id=22272, stack(0x0000008be0700000,0x0000008be0800000)]
  0x000001a7af391ac0 JavaThread "http-nio-8081-exec-5" daemon [_thread_blocked, id=9680, stack(0x0000008be0800000,0x0000008be0900000)]
  0x000001a7af391f90 JavaThread "http-nio-8081-exec-6" daemon [_thread_blocked, id=15564, stack(0x0000008be0900000,0x0000008be0a00000)]
  0x000001a7ae63b610 JavaThread "http-nio-8081-exec-7" daemon [_thread_blocked, id=10336, stack(0x0000008be0a00000,0x0000008be0b00000)]
  0x000001a7ae639460 JavaThread "http-nio-8081-exec-8" daemon [_thread_blocked, id=20104, stack(0x0000008be0b00000,0x0000008be0c00000)]
  0x000001a7ae639930 JavaThread "http-nio-8081-exec-9" daemon [_thread_blocked, id=20928, stack(0x0000008be0c00000,0x0000008be0d00000)]
  0x000001a7ae638ac0 JavaThread "http-nio-8081-exec-10" daemon [_thread_blocked, id=18320, stack(0x0000008be0d00000,0x0000008be0e00000)]
  0x000001a7ae63bae0 JavaThread "http-nio-8081-Poller" daemon [_thread_in_native, id=1352, stack(0x0000008be0e00000,0x0000008be0f00000)]
  0x000001a7ae63c480 JavaThread "http-nio-8081-Acceptor" daemon [_thread_in_native, id=12424, stack(0x0000008be0f00000,0x0000008be1000000)]

Other Threads:
  0x000001a7ad04bfa0 VMThread "VM Thread" [stack: 0x0000008bddb00000,0x0000008bddc00000] [id=18856]
  0x000001a7896f7020 WatcherThread [stack: 0x0000008bde900000,0x0000008bdea00000] [id=7544]
  0x000001a7896a6470 GCTaskThread "GC Thread#0" [stack: 0x0000008bdd600000,0x0000008bdd700000] [id=10360]
  0x000001a7ae080cd0 GCTaskThread "GC Thread#1" [stack: 0x0000008bdee00000,0x0000008bdef00000] [id=6988]
  0x000001a7ae080f80 GCTaskThread "GC Thread#2" [stack: 0x0000008bdef00000,0x0000008bdf000000] [id=14728]
  0x000001a7ae08bfd0 GCTaskThread "GC Thread#3" [stack: 0x0000008bdf000000,0x0000008bdf100000] [id=7128]
  0x000001a7ae08c280 GCTaskThread "GC Thread#4" [stack: 0x0000008bdf100000,0x0000008bdf200000] [id=10072]
  0x000001a7ae08c740 GCTaskThread "GC Thread#5" [stack: 0x0000008bdf200000,0x0000008bdf300000] [id=4284]
  0x000001a7adf97d20 GCTaskThread "GC Thread#6" [stack: 0x0000008bdf300000,0x0000008bdf400000] [id=8044]
  0x000001a7ae12dff0 GCTaskThread "GC Thread#7" [stack: 0x0000008bdf400000,0x0000008bdf500000] [id=18752]
  0x000001a7ae12e2a0 GCTaskThread "GC Thread#8" [stack: 0x0000008bdf500000,0x0000008bdf600000] [id=17576]
  0x000001a7adb209f0 GCTaskThread "GC Thread#9" [stack: 0x0000008bdf600000,0x0000008bdf700000] [id=15540]
  0x000001a7af9a3170 GCTaskThread "GC Thread#10" [stack: 0x0000008bdfa00000,0x0000008bdfb00000] [id=16080]
  0x000001a7af9a3420 GCTaskThread "GC Thread#11" [stack: 0x0000008bdfb00000,0x0000008bdfc00000] [id=15388]
  0x000001a7af9a36d0 GCTaskThread "GC Thread#12" [stack: 0x0000008bdfc00000,0x0000008bdfd00000] [id=18412]
  0x000001a7af9a3980 GCTaskThread "GC Thread#13" [stack: 0x0000008bdfd00000,0x0000008bdfe00000] [id=7692]
  0x000001a7af9a3c30 GCTaskThread "GC Thread#14" [stack: 0x0000008bdfe00000,0x0000008bdff00000] [id=4864]
  0x000001a7896b6ec0 ConcurrentGCThread "G1 Main Marker" [stack: 0x0000008bdd700000,0x0000008bdd800000] [id=6676]
  0x000001a7896b78d0 ConcurrentGCThread "G1 Conc#0" [stack: 0x0000008bdd800000,0x0000008bdd900000] [id=1584]
  0x000001a7af9a3ee0 ConcurrentGCThread "G1 Conc#1" [stack: 0x0000008be0100000,0x0000008be0200000] [id=2428]
  0x000001a7af9a26b0 ConcurrentGCThread "G1 Conc#2" [stack: 0x0000008be0200000,0x0000008be0300000] [id=21404]
  0x000001a7af9a2c10 ConcurrentGCThread "G1 Conc#3" [stack: 0x0000008be0300000,0x0000008be0400000] [id=1688]
  0x000001a7896feaf0 ConcurrentGCThread "G1 Refine#0" [stack: 0x0000008bdd900000,0x0000008bdda00000] [id=14084]
  0x000001a7a8e93630 ConcurrentGCThread "G1 Service" [stack: 0x0000008bdda00000,0x0000008bddb00000] [id=17948]

Threads with active compile tasks:
C2 CompilerThread0  2048814 3421       4       java.util.concurrent.locks.AbstractQueuedSynchronizer$ConditionObject::enableWait (84 bytes)

VM state: not at safepoint (normal execution)

VM Mutex/Monitor currently owned by a thread: None

Heap address: 0x0000000704e00000, size: 4018 MB, Compressed Oops mode: Zero based, Oop shift amount: 3

CDS archive(s) not mapped
Compressed class space mapped at: 0x0000000800000000-0x0000000840000000, reserved size: 1073741824
Narrow klass base: 0x0000000800000000, Narrow klass shift: 0, Narrow klass range: 0x40000000

GC Precious Log:
 CPUs: 20 total, 20 available
 Memory: 16068M
 Large Page Support: Disabled
 NUMA Support: Disabled
 Compressed Oops: Enabled (Zero based)
 Heap Region Size: 2M
 Heap Min Capacity: 8M
 Heap Initial Capacity: 252M
 Heap Max Capacity: 4018M
 Pre-touch: Disabled
 Parallel Workers: 15
 Concurrent Workers: 4
 Concurrent Refinement Workers: 15
 Periodic GC: Disabled

Heap:
 garbage-first heap   total 49152K, used 30981K [0x0000000704e00000, 0x0000000800000000)
  region size 2048K, 12 young (24576K), 1 survivors (2048K)
 Metaspace       used 29520K, committed 29824K, reserved 1114112K
  class space    used 2889K, committed 3008K, reserved 1048576K

Heap Regions: E=young(eden), S=young(survivor), O=old, HS=humongous(starts), HC=humongous(continues), CS=collection set, F=free, OA=open archive, CA=closed archive, TAMS=top-at-mark-start (previous, next)
|   0|0x0000000704e00000, 0x0000000705000000, 0x0000000705000000|100%| O|  |TAMS 0x0000000705000000, 0x0000000704e00000| Untracked 
|   1|0x0000000705000000, 0x0000000705200000, 0x0000000705200000|100%| O|  |TAMS 0x0000000705200000, 0x0000000705000000| Untracked 
|   2|0x0000000705200000, 0x0000000705200000, 0x0000000705400000|  0%| F|  |TAMS 0x0000000705200000, 0x0000000705200000| Untracked 
|   3|0x0000000705400000, 0x0000000705600000, 0x0000000705600000|100%| O|  |TAMS 0x0000000705400000, 0x0000000705400000| Untracked 
|   4|0x0000000705600000, 0x0000000705800000, 0x0000000705800000|100%| O|  |TAMS 0x0000000705600000, 0x0000000705600000| Untracked 
|   5|0x0000000705800000, 0x00000007059d9e00, 0x0000000705a00000| 92%| O|  |TAMS 0x0000000705800000, 0x0000000705800000| Untracked 
|   6|0x0000000705a00000, 0x0000000705a00000, 0x0000000705c00000|  0%| F|  |TAMS 0x0000000705a00000, 0x0000000705a00000| Untracked 
|   7|0x0000000705c00000, 0x0000000705c00000, 0x0000000705e00000|  0%| F|  |TAMS 0x0000000705c00000, 0x0000000705c00000| Untracked 
|   8|0x0000000705e00000, 0x0000000705e00000, 0x0000000706000000|  0%| F|  |TAMS 0x0000000705e00000, 0x0000000705e00000| Untracked 
|   9|0x0000000706000000, 0x0000000706000000, 0x0000000706200000|  0%| F|  |TAMS 0x0000000706000000, 0x0000000706000000| Untracked 
|  10|0x0000000706200000, 0x00000007062677c0, 0x0000000706400000| 20%| S|CS|TAMS 0x0000000706200000, 0x0000000706200000| Complete 
|  11|0x0000000706400000, 0x0000000706400000, 0x0000000706600000|  0%| F|  |TAMS 0x0000000706400000, 0x0000000706400000| Untracked 
|  12|0x0000000706600000, 0x0000000706600000, 0x0000000706800000|  0%| F|  |TAMS 0x0000000706600000, 0x0000000706600000| Untracked 
|  13|0x0000000706800000, 0x0000000706800800, 0x0000000706a00000|  0%| E|  |TAMS 0x0000000706800000, 0x0000000706800000| Complete 
|  14|0x0000000706a00000, 0x0000000706c00000, 0x0000000706c00000|100%| E|CS|TAMS 0x0000000706a00000, 0x0000000706a00000| Complete 
|  15|0x0000000706c00000, 0x0000000706e00000, 0x0000000706e00000|100%| E|CS|TAMS 0x0000000706c00000, 0x0000000706c00000| Complete 
|  16|0x0000000706e00000, 0x0000000707000000, 0x0000000707000000|100%| E|CS|TAMS 0x0000000706e00000, 0x0000000706e00000| Complete 
|  17|0x0000000707000000, 0x0000000707200000, 0x0000000707200000|100%| E|CS|TAMS 0x0000000707000000, 0x0000000707000000| Complete 
|  18|0x0000000707200000, 0x0000000707400000, 0x0000000707400000|100%| E|CS|TAMS 0x0000000707200000, 0x0000000707200000| Complete 
|  19|0x0000000707400000, 0x0000000707600000, 0x0000000707600000|100%| E|CS|TAMS 0x0000000707400000, 0x0000000707400000| Complete 
| 107|0x0000000712400000, 0x0000000712600000, 0x0000000712600000|100%| E|CS|TAMS 0x0000000712400000, 0x0000000712400000| Complete 
| 108|0x0000000712600000, 0x0000000712800000, 0x0000000712800000|100%| E|CS|TAMS 0x0000000712600000, 0x0000000712600000| Complete 
| 124|0x0000000714600000, 0x0000000714800000, 0x0000000714800000|100%| E|CS|TAMS 0x0000000714600000, 0x0000000714600000| Complete 
| 125|0x0000000714800000, 0x0000000714a00000, 0x0000000714a00000|100%| E|CS|TAMS 0x0000000714800000, 0x0000000714800000| Complete 

Card table byte_map: [0x000001a79cf80000,0x000001a79d760000] _byte_map_base: 0x000001a799759000

Marking Bits (Prev, Next): (CMBitMap*) 0x000001a7896a6ac0, (CMBitMap*) 0x000001a7896a6a80
 Prev Bits: [0x000001a7a1e10000, 0x000001a7a5cd8000)
 Next Bits: [0x000001a79df40000, 0x000001a7a1e08000)

Polling page: 0x000001a7874f0000

Metaspace:

Usage:
  Non-class:     26.01 MB used.
      Class:      2.82 MB used.
       Both:     28.83 MB used.

Virtual space:
  Non-class space:       64.00 MB reserved,      26.19 MB ( 41%) committed,  1 nodes.
      Class space:        1.00 GB reserved,       2.94 MB ( <1%) committed,  1 nodes.
             Both:        1.06 GB reserved,      29.12 MB (  3%) committed. 

Chunk freelists:
   Non-Class:  5.30 MB
       Class:  13.09 MB
        Both:  18.39 MB

MaxMetaspaceSize: unlimited
CompressedClassSpaceSize: 1.00 GB
Initial GC threshold: 21.00 MB
Current GC threshold: 35.56 MB
CDS: off
MetaspaceReclaimPolicy: balanced
 - commit_granule_bytes: 65536.
 - commit_granule_words: 8192.
 - virtual_space_node_default_size: 8388608.
 - enlarge_chunks_in_place: 1.
 - new_chunks_are_fully_committed: 0.
 - uncommit_free_chunks: 1.
 - use_allocation_guard: 0.
 - handle_deallocations: 1.


Internal statistics:

num_allocs_failed_limit: 3.
num_arena_births: 178.
num_arena_deaths: 0.
num_vsnodes_births: 2.
num_vsnodes_deaths: 0.
num_space_committed: 466.
num_space_uncommitted: 0.
num_chunks_returned_to_freelist: 3.
num_chunks_taken_from_freelist: 694.
num_chunk_merges: 0.
num_chunk_splits: 471.
num_chunks_enlarged: 331.
num_inconsistent_stats: 0.

CodeHeap 'non-profiled nmethods': size=119168Kb used=1904Kb max_used=1904Kb free=117263Kb
 bounds [0x000001a794890000, 0x000001a794b00000, 0x000001a79bcf0000]
CodeHeap 'profiled nmethods': size=119104Kb used=7456Kb max_used=7456Kb free=111647Kb
 bounds [0x000001a78ccf0000, 0x000001a78d440000, 0x000001a794140000]
CodeHeap 'non-nmethods': size=7488Kb used=1247Kb max_used=2918Kb free=6240Kb
 bounds [0x000001a794140000, 0x000001a794420000, 0x000001a794890000]
 total_blobs=3979 nmethods=3419 adapters=472
 compilation: enabled
              stopped_count=0, restarted_count=0
 full_count=0

Compilation events (20 events):
Event: 1937.806 Thread 0x000001a7ad0c8510 nmethod 3410 0x000001a794a67610 code [0x000001a794a67780, 0x000001a794a67838]
Event: 1937.806 Thread 0x000001a7ad10ebf0 3411       3       java.io.OutputStream::flush (1 bytes)
Event: 1937.806 Thread 0x000001a7ad10ebf0 nmethod 3411 0x000001a78d436890 code [0x000001a78d436a20, 0x000001a78d436b38]
Event: 1947.878 Thread 0x000001a7ad10ebf0 3412       3       java.io.FileInputStream::open (6 bytes)
Event: 1947.879 Thread 0x000001a7ad10ebf0 nmethod 3412 0x000001a78d436c10 code [0x000001a78d436da0, 0x000001a78d436ee8]
Event: 1948.050 Thread 0x000001a7ad0c8510 3414       4       java.util.concurrent.locks.AbstractQueuedSynchronizer$Node::clearStatus (12 bytes)
Event: 1948.051 Thread 0x000001a7ad0c8510 nmethod 3414 0x000001a794a67d10 code [0x000001a794a67e80, 0x000001a794a67ef8]
Event: 1968.048 Thread 0x000001a7ad10ebf0 3415       3       java.io.FileInputStream$1::close (11 bytes)
Event: 1968.049 Thread 0x000001a7ad10ebf0 nmethod 3415 0x000001a78d436f90 code [0x000001a78d437160, 0x000001a78d437678]
Event: 1998.301 Thread 0x000001a7ad10ebf0 3416       3       java.text.Format::<init> (5 bytes)
Event: 1998.301 Thread 0x000001a7ad10ebf0 nmethod 3416 0x000001a78d437890 code [0x000001a78d437a20, 0x000001a78d437b78]
Event: 1998.371 Thread 0x000001a7ad0c8510 3417       4       java.util.TreeSet::add (22 bytes)
Event: 1998.371 Thread 0x000001a7ad0c8510 nmethod 3417 0x000001a794a68010 code [0x000001a794a681a0, 0x000001a794a68288]
Event: 2008.444 Thread 0x000001a7ad0c8510 3418 %     4       org.apache.catalina.loader.WebappClassLoaderBase::modified @ 36 (422 bytes)
Event: 2008.466 Thread 0x000001a7ad0c8510 nmethod 3418% 0x000001a794a68390 code [0x000001a794a68680, 0x000001a794a6a590]
Event: 2015.044 Thread 0x000001a7ad0c8510 3419       4       java.util.concurrent.locks.ReentrantLock$NonfairSync::initialTryLock (58 bytes)
Event: 2015.049 Thread 0x000001a7ad0c8510 nmethod 3419 0x000001a794a6be90 code [0x000001a794a6c000, 0x000001a794a6c198]
Event: 2038.686 Thread 0x000001a7ad10ebf0 3420       3       java.util.concurrent.ScheduledThreadPoolExecutor::triggerTime (22 bytes)
Event: 2038.686 Thread 0x000001a7ad10ebf0 nmethod 3420 0x000001a78d437c10 code [0x000001a78d437dc0, 0x000001a78d437fa8]
Event: 2048.758 Thread 0x000001a7ad0c8510 3421       4       java.util.concurrent.locks.AbstractQueuedSynchronizer$ConditionObject::enableWait (84 bytes)

GC Heap History (20 events):
Event: 121.970 GC heap before
{Heap before GC invocations=6 (full 0):
 garbage-first heap   total 49152K, used 28830K [0x0000000704e00000, 0x0000000800000000)
  region size 2048K, 11 young (22528K), 1 survivors (2048K)
 Metaspace       used 29196K, committed 29504K, reserved 1114112K
  class space    used 2889K, committed 3008K, reserved 1048576K
}
Event: 121.971 GC heap after
{Heap after GC invocations=7 (full 0):
 garbage-first heap   total 49152K, used 10548K [0x0000000704e00000, 0x0000000800000000)
  region size 2048K, 1 young (2048K), 1 survivors (2048K)
 Metaspace       used 29196K, committed 29504K, reserved 1114112K
  class space    used 2889K, committed 3008K, reserved 1048576K
}
Event: 293.457 GC heap before
{Heap before GC invocations=7 (full 0):
 garbage-first heap   total 49152K, used 33076K [0x0000000704e00000, 0x0000000800000000)
  region size 2048K, 12 young (24576K), 1 survivors (2048K)
 Metaspace       used 29281K, committed 29568K, reserved 1114112K
  class space    used 2889K, committed 3008K, reserved 1048576K
}
Event: 293.458 GC heap after
{Heap after GC invocations=8 (full 0):
 garbage-first heap   total 49152K, used 10472K [0x0000000704e00000, 0x0000000800000000)
  region size 2048K, 1 young (2048K), 1 survivors (2048K)
 Metaspace       used 29281K, committed 29568K, reserved 1114112K
  class space    used 2889K, committed 3008K, reserved 1048576K
}
Event: 485.008 GC heap before
{Heap before GC invocations=8 (full 0):
 garbage-first heap   total 49152K, used 35048K [0x0000000704e00000, 0x0000000800000000)
  region size 2048K, 13 young (26624K), 1 survivors (2048K)
 Metaspace       used 29352K, committed 29632K, reserved 1114112K
  class space    used 2889K, committed 3008K, reserved 1048576K
}
Event: 485.010 GC heap after
{Heap after GC invocations=9 (full 0):
 garbage-first heap   total 49152K, used 10491K [0x0000000704e00000, 0x0000000800000000)
  region size 2048K, 1 young (2048K), 1 survivors (2048K)
 Metaspace       used 29352K, committed 29632K, reserved 1114112K
  class space    used 2889K, committed 3008K, reserved 1048576K
}
Event: 677.438 GC heap before
{Heap before GC invocations=9 (full 0):
 garbage-first heap   total 49152K, used 35066K [0x0000000704e00000, 0x0000000800000000)
  region size 2048K, 13 young (26624K), 1 survivors (2048K)
 Metaspace       used 29386K, committed 29632K, reserved 1114112K
  class space    used 2889K, committed 3008K, reserved 1048576K
}
Event: 677.439 GC heap after
{Heap after GC invocations=10 (full 0):
 garbage-first heap   total 49152K, used 10496K [0x0000000704e00000, 0x0000000800000000)
  region size 2048K, 1 young (2048K), 1 survivors (2048K)
 Metaspace       used 29386K, committed 29632K, reserved 1114112K
  class space    used 2889K, committed 3008K, reserved 1048576K
}
Event: 889.129 GC heap before
{Heap before GC invocations=10 (full 0):
 garbage-first heap   total 49152K, used 37120K [0x0000000704e00000, 0x0000000800000000)
  region size 2048K, 14 young (28672K), 1 survivors (2048K)
 Metaspace       used 29407K, committed 29632K, reserved 1114112K
  class space    used 2889K, committed 3008K, reserved 1048576K
}
Event: 889.129 GC heap after
{Heap after GC invocations=11 (full 0):
 garbage-first heap   total 49152K, used 10505K [0x0000000704e00000, 0x0000000800000000)
  region size 2048K, 1 young (2048K), 1 survivors (2048K)
 Metaspace       used 29407K, committed 29632K, reserved 1114112K
  class space    used 2889K, committed 3008K, reserved 1048576K
}
Event: 1090.793 GC heap before
{Heap before GC invocations=11 (full 0):
 garbage-first heap   total 49152K, used 37129K [0x0000000704e00000, 0x0000000800000000)
  region size 2048K, 14 young (28672K), 1 survivors (2048K)
 Metaspace       used 29432K, committed 29696K, reserved 1114112K
  class space    used 2889K, committed 3008K, reserved 1048576K
}
Event: 1090.794 GC heap after
{Heap after GC invocations=12 (full 0):
 garbage-first heap   total 49152K, used 10506K [0x0000000704e00000, 0x0000000800000000)
  region size 2048K, 1 young (2048K), 1 survivors (2048K)
 Metaspace       used 29432K, committed 29696K, reserved 1114112K
  class space    used 2889K, committed 3008K, reserved 1048576K
}
Event: 1292.476 GC heap before
{Heap before GC invocations=12 (full 0):
 garbage-first heap   total 49152K, used 37130K [0x0000000704e00000, 0x0000000800000000)
  region size 2048K, 14 young (28672K), 1 survivors (2048K)
 Metaspace       used 29491K, committed 29760K, reserved 1114112K
  class space    used 2889K, committed 3008K, reserved 1048576K
}
Event: 1292.477 GC heap after
{Heap after GC invocations=13 (full 0):
 garbage-first heap   total 49152K, used 10502K [0x0000000704e00000, 0x0000000800000000)
  region size 2048K, 1 young (2048K), 1 survivors (2048K)
 Metaspace       used 29491K, committed 29760K, reserved 1114112K
  class space    used 2889K, committed 3008K, reserved 1048576K
}
Event: 1494.152 GC heap before
{Heap before GC invocations=13 (full 0):
 garbage-first heap   total 49152K, used 35078K [0x0000000704e00000, 0x0000000800000000)
  region size 2048K, 14 young (28672K), 1 survivors (2048K)
 Metaspace       used 29497K, committed 29760K, reserved 1114112K
  class space    used 2889K, committed 3008K, reserved 1048576K
}
Event: 1494.153 GC heap after
{Heap after GC invocations=14 (full 0):
 garbage-first heap   total 49152K, used 10494K [0x0000000704e00000, 0x0000000800000000)
  region size 2048K, 1 young (2048K), 1 survivors (2048K)
 Metaspace       used 29497K, committed 29760K, reserved 1114112K
  class space    used 2889K, committed 3008K, reserved 1048576K
}
Event: 1695.841 GC heap before
{Heap before GC invocations=14 (full 0):
 garbage-first heap   total 49152K, used 37118K [0x0000000704e00000, 0x0000000800000000)
  region size 2048K, 14 young (28672K), 1 survivors (2048K)
 Metaspace       used 29504K, committed 29760K, reserved 1114112K
  class space    used 2889K, committed 3008K, reserved 1048576K
}
Event: 1695.842 GC heap after
{Heap after GC invocations=15 (full 0):
 garbage-first heap   total 49152K, used 10490K [0x0000000704e00000, 0x0000000800000000)
  region size 2048K, 1 young (2048K), 1 survivors (2048K)
 Metaspace       used 29504K, committed 29760K, reserved 1114112K
  class space    used 2889K, committed 3008K, reserved 1048576K
}
Event: 1897.523 GC heap before
{Heap before GC invocations=15 (full 0):
 garbage-first heap   total 49152K, used 37114K [0x0000000704e00000, 0x0000000800000000)
  region size 2048K, 14 young (28672K), 1 survivors (2048K)
 Metaspace       used 29509K, committed 29760K, reserved 1114112K
  class space    used 2889K, committed 3008K, reserved 1048576K
}
Event: 1897.524 GC heap after
{Heap after GC invocations=16 (full 0):
 garbage-first heap   total 49152K, used 10501K [0x0000000704e00000, 0x0000000800000000)
  region size 2048K, 1 young (2048K), 1 survivors (2048K)
 Metaspace       used 29509K, committed 29760K, reserved 1114112K
  class space    used 2889K, committed 3008K, reserved 1048576K
}

Dll operation events (10 events):
Event: 0.004 Loaded shared library D:\gb_KSB_0630\jsp\workspace\eclipse\plugins\org.eclipse.justj.openjdk.hotspot.jre.full.win32.x86_64_17.0.7.v20230425-1502\jre\bin\java.dll
Event: 0.071 Loaded shared library D:\gb_KSB_0630\jsp\workspace\eclipse\plugins\org.eclipse.justj.openjdk.hotspot.jre.full.win32.x86_64_17.0.7.v20230425-1502\jre\bin\net.dll
Event: 0.072 Loaded shared library D:\gb_KSB_0630\jsp\workspace\eclipse\plugins\org.eclipse.justj.openjdk.hotspot.jre.full.win32.x86_64_17.0.7.v20230425-1502\jre\bin\nio.dll
Event: 0.080 Loaded shared library D:\gb_KSB_0630\jsp\workspace\eclipse\plugins\org.eclipse.justj.openjdk.hotspot.jre.full.win32.x86_64_17.0.7.v20230425-1502\jre\bin\zip.dll
Event: 0.091 Loaded shared library D:\gb_KSB_0630\jsp\workspace\eclipse\plugins\org.eclipse.justj.openjdk.hotspot.jre.full.win32.x86_64_17.0.7.v20230425-1502\jre\bin\jimage.dll
Event: 0.401 Loaded shared library D:\gb_KSB_0630\jsp\workspace\eclipse\plugins\org.eclipse.justj.openjdk.hotspot.jre.full.win32.x86_64_17.0.7.v20230425-1502\jre\bin\management.dll
Event: 0.402 Loaded shared library D:\gb_KSB_0630\jsp\workspace\eclipse\plugins\org.eclipse.justj.openjdk.hotspot.jre.full.win32.x86_64_17.0.7.v20230425-1502\jre\bin\management_ext.dll
Event: 0.412 Loaded shared library D:\gb_KSB_0630\util\apache-tomcat-9.0.79\bin\tcnative-1.dll
Event: 0.925 Loaded shared library D:\gb_KSB_0630\jsp\workspace\eclipse\plugins\org.eclipse.justj.openjdk.hotspot.jre.full.win32.x86_64_17.0.7.v20230425-1502\jre\bin\sunmscapi.dll
Event: 5.254 Loaded shared library D:\gb_KSB_0630\jsp\workspace\eclipse\plugins\org.eclipse.justj.openjdk.hotspot.jre.full.win32.x86_64_17.0.7.v20230425-1502\jre\bin\verify.dll

Deoptimization events (20 events):
Event: 14.400 Thread 0x000001a7ae73bb40 Uncommon trap: trap_request=0xffffffde fr.pc=0x000001a7949d43a0 relative=0x0000000000000280
Event: 14.400 Thread 0x000001a7ae73bb40 Uncommon trap: reason=class_check action=maybe_recompile pc=0x000001a7949d43a0 method=java.lang.AbstractStringBuilder.<init>(Ljava/lang/String;)V @ 58 c2
Event: 14.400 Thread 0x000001a7ae73bb40 DEOPT PACKING pc=0x000001a7949d43a0 sp=0x0000008be04fd7b0
Event: 14.400 Thread 0x000001a7ae73bb40 DEOPT UNPACKING pc=0x000001a7941969a3 sp=0x0000008be04fd760 mode 2
Event: 14.895 Thread 0x000001a7af127b20 Uncommon trap: trap_request=0xffffffde fr.pc=0x000001a7949d43a0 relative=0x0000000000000280
Event: 14.895 Thread 0x000001a7af127b20 Uncommon trap: reason=class_check action=maybe_recompile pc=0x000001a7949d43a0 method=java.lang.AbstractStringBuilder.<init>(Ljava/lang/String;)V @ 58 c2
Event: 14.895 Thread 0x000001a7af127b20 DEOPT PACKING pc=0x000001a7949d43a0 sp=0x0000008be06fd700
Event: 14.895 Thread 0x000001a7af127b20 DEOPT UNPACKING pc=0x000001a7941969a3 sp=0x0000008be06fd6b0 mode 2
Event: 15.991 Thread 0x000001a7af3915f0 Uncommon trap: trap_request=0xffffffde fr.pc=0x000001a7949f4c7c relative=0x00000000000007fc
Event: 15.991 Thread 0x000001a7af3915f0 Uncommon trap: reason=class_check action=maybe_recompile pc=0x000001a7949f4c7c method=java.util.HashMap.putVal(ILjava/lang/Object;Ljava/lang/Object;ZZ)Ljava/lang/Object; @ 203 c2
Event: 15.991 Thread 0x000001a7af3915f0 DEOPT PACKING pc=0x000001a7949f4c7c sp=0x0000008be07fe970
Event: 15.991 Thread 0x000001a7af3915f0 DEOPT UNPACKING pc=0x000001a7941969a3 sp=0x0000008be07fe8f0 mode 2
Event: 15.991 Thread 0x000001a7af3915f0 Uncommon trap: trap_request=0xffffffde fr.pc=0x000001a7949f4c7c relative=0x00000000000007fc
Event: 15.991 Thread 0x000001a7af3915f0 Uncommon trap: reason=class_check action=maybe_recompile pc=0x000001a7949f4c7c method=java.util.HashMap.putVal(ILjava/lang/Object;Ljava/lang/Object;ZZ)Ljava/lang/Object; @ 203 c2
Event: 15.991 Thread 0x000001a7af3915f0 DEOPT PACKING pc=0x000001a7949f4c7c sp=0x0000008be07fe960
Event: 15.992 Thread 0x000001a7af3915f0 DEOPT UNPACKING pc=0x000001a7941969a3 sp=0x0000008be07fe8e0 mode 2
Event: 1121.001 Thread 0x000001a7af231a10 DEOPT PACKING pc=0x000001a78d2df5bd sp=0x0000008be00fdda0
Event: 1121.001 Thread 0x000001a7af231a10 DEOPT UNPACKING pc=0x000001a794197143 sp=0x0000008be00fd228 mode 0
Event: 1211.745 Thread 0x000001a7af231a10 DEOPT PACKING pc=0x000001a78d3c8e16 sp=0x0000008be00fdd70
Event: 1211.745 Thread 0x000001a7af231a10 DEOPT UNPACKING pc=0x000001a794197143 sp=0x0000008be00fd300 mode 0

Classes unloaded (0 events):
No events

Classes redefined (0 events):
No events

Internal exceptions (20 events):
Event: 0.220 Thread 0x000001a789636fe0 Exception <a 'java/lang/NoSuchMethodError'{0x00000007144a2d38}: 'java.lang.Object java.lang.invoke.DirectMethodHandle$Holder.invokeInterface(java.lang.Object, java.lang.Object)'> (0x00000007144a2d38) 
thrown [s\src\hotspot\share\interpreter\linkResolver.cpp, line 759]
Event: 0.394 Thread 0x000001a789636fe0 Exception <a 'java/lang/ClassNotFoundException'{0x00000007138603e8}: sun/util/logging/resources/spi/loggingProvider> (0x00000007138603e8) 
thrown [s\src\hotspot\share\classfile\systemDictionary.cpp, line 256]
Event: 0.407 Thread 0x000001a789636fe0 Exception <a 'java/lang/NoSuchMethodError'{0x0000000713936068}: 'int java.lang.invoke.DirectMethodHandle$Holder.invokeSpecial(java.lang.Object, java.lang.Object, java.lang.Object)'> (0x0000000713936068) 
thrown [s\src\hotspot\share\interpreter\linkResolver.cpp, line 759]
Event: 0.422 Thread 0x000001a789636fe0 Exception <a 'java/lang/NoSuchMethodError'{0x00000007139c1520}: 'int java.lang.invoke.DirectMethodHandle$Holder.invokeInterface(java.lang.Object, java.lang.Object)'> (0x00000007139c1520) 
thrown [s\src\hotspot\share\interpreter\linkResolver.cpp, line 759]
Event: 0.422 Thread 0x000001a789636fe0 Exception <a 'java/lang/IncompatibleClassChangeError'{0x00000007139c4b20}: Found class java.lang.Object, but interface was expected> (0x00000007139c4b20) 
thrown [s\src\hotspot\share\interpreter\linkResolver.cpp, line 826]
Event: 0.423 Thread 0x000001a789636fe0 Exception <a 'java/lang/NoSuchMethodError'{0x00000007139ca568}: 'void java.lang.invoke.DirectMethodHandle$Holder.invokeStatic(java.lang.Object, java.lang.Object)'> (0x00000007139ca568) 
thrown [s\src\hotspot\share\interpreter\linkResolver.cpp, line 759]
Event: 0.449 Thread 0x000001a789636fe0 Exception <a 'java/lang/NoSuchMethodError'{0x00000007136f2348}: 'void java.lang.invoke.DirectMethodHandle$Holder.invokeStatic(java.lang.Object, java.lang.Object, java.lang.Object)'> (0x00000007136f2348) 
thrown [s\src\hotspot\share\interpreter\linkResolver.cpp, line 759]
Event: 0.607 Thread 0x000001a789636fe0 Implicit null exception at 0x000001a7948de158 to 0x000001a7948de1ee
Event: 0.613 Thread 0x000001a789636fe0 Exception <a 'sun/nio/fs/WindowsException'{0x00000007140106b8}> (0x00000007140106b8) 
thrown [s\src\hotspot\share\prims\jni.cpp, line 516]
Event: 0.627 Thread 0x000001a789636fe0 Implicit null exception at 0x000001a7948ff0f5 to 0x000001a7948ffa50
Event: 0.627 Thread 0x000001a789636fe0 Implicit null exception at 0x000001a794900174 to 0x000001a794900abc
Event: 0.643 Thread 0x000001a789636fe0 Exception <a 'java/io/FileNotFoundException'{0x0000000714180bc0}> (0x0000000714180bc0) 
thrown [s\src\hotspot\share\prims\jni.cpp, line 516]
Event: 0.670 Thread 0x000001a789636fe0 Implicit null exception at 0x000001a79491666f to 0x000001a794916864
Event: 0.706 Thread 0x000001a789636fe0 Exception <a 'java/io/FileNotFoundException'{0x0000000713d2cb78}> (0x0000000713d2cb78) 
thrown [s\src\hotspot\share\prims\jni.cpp, line 516]
Event: 0.967 Thread 0x000001a789636fe0 Exception <a 'java/lang/NoSuchMethodError'{0x000000071311bff8}: 'long java.lang.invoke.DirectMethodHandle$Holder.invokeVirtual(java.lang.Object, java.lang.Object)'> (0x000000071311bff8) 
thrown [s\src\hotspot\share\interpreter\linkResolver.cpp, line 759]
Event: 0.968 Thread 0x000001a789636fe0 Exception <a 'java/lang/NoSuchMethodError'{0x0000000713126798}: 'java.lang.Object java.lang.invoke.Invokers$Holder.invokeExact_MT(java.lang.Object, java.lang.Object, java.lang.Object, java.lang.Object, java.lang.Object, java.lang.Object)'> (0x0000000713126798) 
thrown [s\src\hotspot\share\interpreter\linkResolver.cpp, line 759]
Event: 1.021 Thread 0x000001a789636fe0 Exception <a 'java/lang/NoSuchMethodError'{0x000000071486e020}: 'java.lang.Object java.lang.invoke.DirectMethodHandle$Holder.invokeStaticInit(java.lang.Object, int, int, int, int)'> (0x000000071486e020) 
thrown [s\src\hotspot\share\interpreter\linkResolver.cpp, line 759]
Event: 1.032 Thread 0x000001a789636fe0 Exception <a 'java/lang/NoSuchMethodError'{0x0000000707236270}: 'java.lang.Object java.lang.invoke.DirectMethodHandle$Holder.invokeStaticInit(java.lang.Object, java.lang.Object, int, int, int, int)'> (0x0000000707236270) 
thrown [s\src\hotspot\share\interpreter\linkResolver.cpp, line 759]
Event: 1.995 Thread 0x000001a7ae73bb40 Implicit null exception at 0x000001a7948e4bd5 to 0x000001a7948e4ca4
Event: 5.316 Thread 0x000001a7ae638ac0 Exception <a 'sun/nio/fs/WindowsException'{0x0000000706230488}> (0x0000000706230488) 
thrown [s\src\hotspot\share\prims\jni.cpp, line 516]

VM Operations (20 events):
Event: 1293.491 Executing VM operation: Cleanup
Event: 1293.491 Executing VM operation: Cleanup done
Event: 1423.752 Executing VM operation: Cleanup
Event: 1423.753 Executing VM operation: Cleanup done
Event: 1454.021 Executing VM operation: Cleanup
Event: 1454.021 Executing VM operation: Cleanup done
Event: 1494.152 Executing VM operation: G1CollectForAllocation
Event: 1494.153 Executing VM operation: G1CollectForAllocation done
Event: 1534.562 Executing VM operation: Cleanup
Event: 1534.563 Executing VM operation: Cleanup done
Event: 1574.957 Executing VM operation: Cleanup
Event: 1574.957 Executing VM operation: Cleanup done
Event: 1635.458 Executing VM operation: Cleanup
Event: 1635.458 Executing VM operation: Cleanup done
Event: 1695.841 Executing VM operation: G1CollectForAllocation
Event: 1695.842 Executing VM operation: G1CollectForAllocation done
Event: 1897.523 Executing VM operation: G1CollectForAllocation
Event: 1897.524 Executing VM operation: G1CollectForAllocation done
Event: 2016.646 Executing VM operation: Cleanup
Event: 2016.646 Executing VM operation: Cleanup done

Events (20 events):
Event: 5.322 loading class com/sun/crypto/provider/ElectronicCodeBook done
Event: 5.322 loading class com/sun/crypto/provider/PKCS5Padding
Event: 5.322 loading class com/sun/crypto/provider/Padding
Event: 5.322 loading class com/sun/crypto/provider/Padding done
Event: 5.322 loading class com/sun/crypto/provider/PKCS5Padding done
Event: 5.322 loading class com/sun/crypto/provider/CipherBlockChaining
Event: 5.322 loading class com/sun/crypto/provider/CipherBlockChaining done
Event: 5.322 loading class javax/crypto/NullCipher
Event: 5.322 loading class javax/crypto/NullCipher done
Event: 5.322 loading class sun/security/util/ArrayUtil
Event: 5.322 loading class sun/security/util/ArrayUtil done
Event: 5.323 loading class sun/security/provider/MD5
Event: 5.323 loading class sun/security/provider/MD5 done
Event: 5.323 loading class sun/security/provider/ByteArrayAccess$LE
Event: 5.323 loading class sun/security/provider/ByteArrayAccess$LE done
Event: 5.661 Thread 0x000001a7adc72f70 Thread exited: 0x000001a7adc72f70
Event: 152.241 Thread 0x000001a7ae839760 Thread added: 0x000001a7ae839760
Event: 152.241 Thread 0x000001a7ae839c70 Thread added: 0x000001a7ae839c70
Event: 155.048 Thread 0x000001a7ae839c70 Thread exited: 0x000001a7ae839c70
Event: 155.048 Thread 0x000001a7ae839760 Thread exited: 0x000001a7ae839760


Dynamic libraries:
0x00007ff726730000 - 0x00007ff72673e000 	D:\gb_KSB_0630\jsp\workspace\eclipse\plugins\org.eclipse.justj.openjdk.hotspot.jre.full.win32.x86_64_17.0.7.v20230425-1502\jre\bin\javaw.exe
0x00007fff0c770000 - 0x00007fff0c984000 	C:\WINDOWS\SYSTEM32\ntdll.dll
0x00007fff0c180000 - 0x00007fff0c244000 	C:\WINDOWS\System32\KERNEL32.DLL
0x00007fff09eb0000 - 0x00007fff0a254000 	C:\WINDOWS\System32\KERNELBASE.dll
0x00007fff09b80000 - 0x00007fff09c91000 	C:\WINDOWS\System32\ucrtbase.dll
0x00007fff06e40000 - 0x00007fff06e57000 	D:\gb_KSB_0630\jsp\workspace\eclipse\plugins\org.eclipse.justj.openjdk.hotspot.jre.full.win32.x86_64_17.0.7.v20230425-1502\jre\bin\jli.dll
0x00007fff06d10000 - 0x00007fff06d29000 	D:\gb_KSB_0630\jsp\workspace\eclipse\plugins\org.eclipse.justj.openjdk.hotspot.jre.full.win32.x86_64_17.0.7.v20230425-1502\jre\bin\VCRUNTIME140.dll
0x00007fff0c300000 - 0x00007fff0c4aa000 	C:\WINDOWS\System32\USER32.dll
0x00007fff09b50000 - 0x00007fff09b76000 	C:\WINDOWS\System32\win32u.dll
0x00007fff0c4b0000 - 0x00007fff0c4d9000 	C:\WINDOWS\System32\GDI32.dll
0x00007fff09d90000 - 0x00007fff09ea9000 	C:\WINDOWS\System32\gdi32full.dll
0x00007fff0a320000 - 0x00007fff0a3ba000 	C:\WINDOWS\System32\msvcp_win.dll
0x00007ffeebb30000 - 0x00007ffeebdbf000 	C:\WINDOWS\WinSxS\amd64_microsoft.windows.common-controls_6595b64144ccf1df_6.0.22621.2070_none_2713e6537381f706\COMCTL32.dll
0x00007fff0ab00000 - 0x00007fff0aba7000 	C:\WINDOWS\System32\msvcrt.dll
0x00007fff0c4e0000 - 0x00007fff0c511000 	C:\WINDOWS\System32\IMM32.DLL
0x00007fff06f30000 - 0x00007fff06f3c000 	D:\gb_KSB_0630\jsp\workspace\eclipse\plugins\org.eclipse.justj.openjdk.hotspot.jre.full.win32.x86_64_17.0.7.v20230425-1502\jre\bin\vcruntime140_1.dll
0x00007ffedc8a0000 - 0x00007ffedc931000 	D:\gb_KSB_0630\jsp\workspace\eclipse\plugins\org.eclipse.justj.openjdk.hotspot.jre.full.win32.x86_64_17.0.7.v20230425-1502\jre\bin\msvcp140.dll
0x00007ffe94110000 - 0x00007ffe94d58000 	D:\gb_KSB_0630\jsp\workspace\eclipse\plugins\org.eclipse.justj.openjdk.hotspot.jre.full.win32.x86_64_17.0.7.v20230425-1502\jre\bin\server\jvm.dll
0x00007fff0b160000 - 0x00007fff0b210000 	C:\WINDOWS\System32\ADVAPI32.dll
0x00007fff0c520000 - 0x00007fff0c5c6000 	C:\WINDOWS\System32\sechost.dll
0x00007fff0a720000 - 0x00007fff0a837000 	C:\WINDOWS\System32\RPCRT4.dll
0x00007ffee6890000 - 0x00007ffee6899000 	C:\WINDOWS\SYSTEM32\WSOCK32.dll
0x00007fff03a20000 - 0x00007fff03a2a000 	C:\WINDOWS\SYSTEM32\VERSION.dll
0x00007fff0c5d0000 - 0x00007fff0c641000 	C:\WINDOWS\System32\WS2_32.dll
0x00007ffefdd20000 - 0x00007ffefdd54000 	C:\WINDOWS\SYSTEM32\WINMM.dll
0x00007fff08c30000 - 0x00007fff08c48000 	C:\WINDOWS\SYSTEM32\kernel.appcore.dll
0x00007fff06da0000 - 0x00007fff06daa000 	D:\gb_KSB_0630\jsp\workspace\eclipse\plugins\org.eclipse.justj.openjdk.hotspot.jre.full.win32.x86_64_17.0.7.v20230425-1502\jre\bin\jimage.dll
0x00007ffeed8d0000 - 0x00007ffeedafe000 	C:\WINDOWS\SYSTEM32\DBGHELP.DLL
0x00007fff0bb00000 - 0x00007fff0be8a000 	C:\WINDOWS\System32\combase.dll
0x00007fff0a540000 - 0x00007fff0a617000 	C:\WINDOWS\System32\OLEAUT32.dll
0x00007ffeee840000 - 0x00007ffeee872000 	C:\WINDOWS\SYSTEM32\dbgcore.DLL
0x00007fff09d10000 - 0x00007fff09d8a000 	C:\WINDOWS\System32\bcryptPrimitives.dll
0x00007ffee0740000 - 0x00007ffee0765000 	D:\gb_KSB_0630\jsp\workspace\eclipse\plugins\org.eclipse.justj.openjdk.hotspot.jre.full.win32.x86_64_17.0.7.v20230425-1502\jre\bin\java.dll
0x00007ffee5d60000 - 0x00007ffee5d78000 	D:\gb_KSB_0630\jsp\workspace\eclipse\plugins\org.eclipse.justj.openjdk.hotspot.jre.full.win32.x86_64_17.0.7.v20230425-1502\jre\bin\zip.dll
0x00007fff0b230000 - 0x00007fff0ba46000 	C:\WINDOWS\System32\SHELL32.dll
0x00007fff07b30000 - 0x00007fff0841a000 	C:\WINDOWS\SYSTEM32\windows.storage.dll
0x00007fff079f0000 - 0x00007fff07b2e000 	C:\WINDOWS\SYSTEM32\wintypes.dll
0x00007fff0a620000 - 0x00007fff0a713000 	C:\WINDOWS\System32\SHCORE.dll
0x00007fff0c250000 - 0x00007fff0c2ae000 	C:\WINDOWS\System32\shlwapi.dll
0x00007fff09a80000 - 0x00007fff09aa6000 	C:\WINDOWS\SYSTEM32\profapi.dll
0x00007ffedc7f0000 - 0x00007ffedc809000 	D:\gb_KSB_0630\jsp\workspace\eclipse\plugins\org.eclipse.justj.openjdk.hotspot.jre.full.win32.x86_64_17.0.7.v20230425-1502\jre\bin\net.dll
0x00007fff04a40000 - 0x00007fff04b77000 	C:\WINDOWS\SYSTEM32\WINHTTP.dll
0x00007fff09100000 - 0x00007fff09169000 	C:\WINDOWS\system32\mswsock.dll
0x00007ffedc7d0000 - 0x00007ffedc7e5000 	D:\gb_KSB_0630\jsp\workspace\eclipse\plugins\org.eclipse.justj.openjdk.hotspot.jre.full.win32.x86_64_17.0.7.v20230425-1502\jre\bin\nio.dll
0x00007fff06e30000 - 0x00007fff06e39000 	D:\gb_KSB_0630\jsp\workspace\eclipse\plugins\org.eclipse.justj.openjdk.hotspot.jre.full.win32.x86_64_17.0.7.v20230425-1502\jre\bin\management.dll
0x00007fff06d80000 - 0x00007fff06d8b000 	D:\gb_KSB_0630\jsp\workspace\eclipse\plugins\org.eclipse.justj.openjdk.hotspot.jre.full.win32.x86_64_17.0.7.v20230425-1502\jre\bin\management_ext.dll
0x00007fff0a530000 - 0x00007fff0a538000 	C:\WINDOWS\System32\PSAPI.DLL
0x0000000180000000 - 0x0000000180288000 	D:\gb_KSB_0630\util\apache-tomcat-9.0.79\bin\tcnative-1.dll
0x00007fff0a3c0000 - 0x00007fff0a527000 	C:\WINDOWS\System32\CRYPT32.dll
0x00007fff09350000 - 0x00007fff0936b000 	C:\WINDOWS\SYSTEM32\CRYPTSP.dll
0x00007fff08bf0000 - 0x00007fff08c25000 	C:\WINDOWS\system32\rsaenh.dll
0x00007fff09370000 - 0x00007fff0937c000 	C:\WINDOWS\SYSTEM32\CRYPTBASE.dll
0x00007ffeeca80000 - 0x00007ffeeca8e000 	D:\gb_KSB_0630\jsp\workspace\eclipse\plugins\org.eclipse.justj.openjdk.hotspot.jre.full.win32.x86_64_17.0.7.v20230425-1502\jre\bin\sunmscapi.dll
0x00007fff094c0000 - 0x00007fff094ee000 	C:\WINDOWS\SYSTEM32\ncrypt.dll
0x00007fff09480000 - 0x00007fff094b7000 	C:\WINDOWS\SYSTEM32\NTASN1.dll
0x00007fff091f0000 - 0x00007fff0921c000 	C:\WINDOWS\SYSTEM32\USERENV.dll
0x00007fff094f0000 - 0x00007fff09518000 	C:\WINDOWS\SYSTEM32\bcrypt.dll
0x00007fff086f0000 - 0x00007fff0871d000 	C:\WINDOWS\SYSTEM32\IPHLPAPI.DLL
0x00007fff0bf20000 - 0x00007fff0bf29000 	C:\WINDOWS\System32\NSI.dll
0x00007fff047c0000 - 0x00007fff047d9000 	C:\WINDOWS\SYSTEM32\dhcpcsvc6.DLL
0x00007fff047a0000 - 0x00007fff047bf000 	C:\WINDOWS\SYSTEM32\dhcpcsvc.DLL
0x00007fff08760000 - 0x00007fff08853000 	C:\WINDOWS\SYSTEM32\DNSAPI.dll
0x00007ffee9e20000 - 0x00007ffee9e28000 	C:\WINDOWS\system32\wshunix.dll
0x00007fff038c0000 - 0x00007fff038ca000 	C:\Windows\System32\rasadhlp.dll
0x00007fff04200000 - 0x00007fff04284000 	C:\WINDOWS\System32\fwpuclnt.dll
0x00007fff06d90000 - 0x00007fff06da0000 	D:\gb_KSB_0630\jsp\workspace\eclipse\plugins\org.eclipse.justj.openjdk.hotspot.jre.full.win32.x86_64_17.0.7.v20230425-1502\jre\bin\verify.dll
0x00007ffee4e10000 - 0x00007ffee4e27000 	C:\WINDOWS\system32\napinsp.dll
0x00007ffee4df0000 - 0x00007ffee4e0b000 	C:\WINDOWS\system32\pnrpnsp.dll
0x00007ffee4dd0000 - 0x00007ffee4de1000 	C:\WINDOWS\System32\winrnr.dll
0x00007ffee4db0000 - 0x00007ffee4dc5000 	C:\WINDOWS\system32\wshbth.dll
0x00007ffee4d80000 - 0x00007ffee4da1000 	C:\WINDOWS\system32\nlansp_c.dll

dbghelp: loaded successfully - version: 4.0.5 - missing functions: none
symbol engine: initialized successfully - sym options: 0x614 - pdb path: .;D:\gb_KSB_0630\jsp\workspace\eclipse\plugins\org.eclipse.justj.openjdk.hotspot.jre.full.win32.x86_64_17.0.7.v20230425-1502\jre\bin;C:\WINDOWS\SYSTEM32;C:\WINDOWS\WinSxS\amd64_microsoft.windows.common-controls_6595b64144ccf1df_6.0.22621.2070_none_2713e6537381f706;D:\gb_KSB_0630\jsp\workspace\eclipse\plugins\org.eclipse.justj.openjdk.hotspot.jre.full.win32.x86_64_17.0.7.v20230425-1502\jre\bin\server;D:\gb_KSB_0630\util\apache-tomcat-9.0.79\bin

VM Arguments:
jvm_args: -Dcatalina.base=D:\gb_KSB_0630\jsp\workspace\.metadata\.plugins\org.eclipse.wst.server.core\tmp8 -Dcatalina.home=D:\gb_KSB_0630\util\apache-tomcat-9.0.79 -Dwtp.deploy=D:\gb_KSB_0630\jsp\workspace\.metadata\.plugins\org.eclipse.wst.server.core\tmp8\wtpwebapps --add-opens=java.base/java.lang=ALL-UNNAMED --add-opens=java.base/java.io=ALL-UNNAMED --add-opens=java.base/java.util=ALL-UNNAMED --add-opens=java.base/java.util.concurrent=ALL-UNNAMED --add-opens=java.rmi/sun.rmi.transport=ALL-UNNAMED -Dfile.encoding=UTF-8 -XX:+ShowCodeDetailsInExceptionMessages 
java_command: org.apache.catalina.startup.Bootstrap start
java_class_path (initial): D:\gb_KSB_0630\util\apache-tomcat-9.0.79\bin\bootstrap.jar;D:\gb_KSB_0630\util\apache-tomcat-9.0.79\bin\tomcat-juli.jar
Launcher Type: SUN_STANDARD

[Global flags]
     intx CICompilerCount                          = 12                                        {product} {ergonomic}
     uint ConcGCThreads                            = 4                                         {product} {ergonomic}
     uint G1ConcRefinementThreads                  = 15                                        {product} {ergonomic}
   size_t G1HeapRegionSize                         = 2097152                                   {product} {ergonomic}
    uintx GCDrainStackTargetSize                   = 64                                        {product} {ergonomic}
   size_t InitialHeapSize                          = 264241152                                 {product} {ergonomic}
   size_t MarkStackSize                            = 4194304                                   {product} {ergonomic}
   size_t MaxHeapSize                              = 4213178368                                {product} {ergonomic}
   size_t MaxNewSize                               = 2527068160                                {product} {ergonomic}
   size_t MinHeapDeltaBytes                        = 2097152                                   {product} {ergonomic}
   size_t MinHeapSize                              = 8388608                                   {product} {ergonomic}
    uintx NonNMethodCodeHeapSize                   = 7602480                                {pd product} {ergonomic}
    uintx NonProfiledCodeHeapSize                  = 122027880                              {pd product} {ergonomic}
    uintx ProfiledCodeHeapSize                     = 122027880                              {pd product} {ergonomic}
    uintx ReservedCodeCacheSize                    = 251658240                              {pd product} {ergonomic}
     bool SegmentedCodeCache                       = true                                      {product} {ergonomic}
     bool ShowCodeDetailsInExceptionMessages       = true                                   {manageable} {command line}
   size_t SoftMaxHeapSize                          = 4213178368                             {manageable} {ergonomic}
     bool UseCompressedClassPointers               = true                           {product lp64_product} {ergonomic}
     bool UseCompressedOops                        = true                           {product lp64_product} {ergonomic}
     bool UseG1GC                                  = true                                      {product} {ergonomic}
     bool UseLargePagesIndividualAllocation        = false                                  {pd product} {ergonomic}

Logging:
Log output configuration:
 #0: stdout all=warning uptime,level,tags
 #1: stderr all=off uptime,level,tags

Environment Variables:
PATH=D:/gb_KSB_0630/jsp/workspace/eclipse//plugins/org.eclipse.justj.openjdk.hotspot.jre.full.win32.x86_64_17.0.7.v20230425-1502/jre/bin/server;D:/gb_KSB_0630/jsp/workspace/eclipse//plugins/org.eclipse.justj.openjdk.hotspot.jre.full.win32.x86_64_17.0.7.v20230425-1502/jre/bin;D:\gb_KSB_0630\util\app\oracle\product\11.2.0\server\bin;C:\WINDOWS\system32;C:\WINDOWS;C:\WINDOWS\System32\Wbem;C:\WINDOWS\System32\WindowsPowerShell\v1.0\;C:\WINDOWS\System32\OpenSSH\;C:\Program Files\Bandizip\;D:\gb_KSB_0630\util\jdk-11.0.19_windows-x64_bin\jdk-11.0.19\bin;D:\gb_KSB_0630\util\Git\cmd;C:\Users\kitcoop\AppData\Local\Microsoft\WindowsApps;;D:\gb_KSB_0630\util\Microsoft VS Code\bin;D:\gb_KSB_0630\jsp\workspace\eclipse;
USERNAME=kitcoop
OS=Windows_NT
PROCESSOR_IDENTIFIER=Intel64 Family 6 Model 151 Stepping 2, GenuineIntel
TMP=C:\Users\kitcoop\AppData\Local\Temp
TEMP=C:\Users\kitcoop\AppData\Local\Temp



---------------  S Y S T E M  ---------------

OS:
 Windows 11 , 64 bit Build 22621 (10.0.22621.2070)
OS uptime: 1 days 7:18 hours

CPU: total 20 (initial active 20) (10 cores per cpu, 2 threads per core) family 6 model 151 stepping 2 microcode 0x2e, cx8, cmov, fxsr, ht, mmx, 3dnowpref, sse, sse2, sse3, ssse3, sse4.1, sse4.2, popcnt, lzcnt, tsc, tscinvbit, avx, avx2, aes, erms, clmul, bmi1, bmi2, adx, sha, fma, vzeroupper, clflush, clflushopt, clwb

Memory: 4k page, system-wide physical 16068M (1880M free)
TotalPageFile size 46478M (AvailPageFile size 0M)
current process WorkingSet (physical memory assigned to process): 131M, peak: 145M
current process commit charge ("private bytes"): 182M, peak: 414M

vm_info: OpenJDK 64-Bit Server VM (17.0.7+7) for windows-amd64 JRE (17.0.7+7), built on Apr 18 2023 22:10:42 by "temurin" with MS VC++ 16.7 (VS2019)

END.
